GROUP,PACKAGE,CLASS,INSTRUCTION_MISSED,INSTRUCTION_COVERED,BRANCH_MISSED,BRANCH_COVERED,LINE_MISSED,LINE_COVERED,COMPLEXITY_MISSED,COMPLEXITY_COVERED,METHOD_MISSED,METHOD_COVERED
Apache Commons Math,org.apache.commons.math3.optim.nonlinear.scalar.gradient,NonLinearConjugateGradientOptimizer.IdentityPreconditioner,0,7,0,0,0,2,0,2,0,2
Apache Commons Math,org.apache.commons.math3.optim.nonlinear.scalar.gradient,NonLinearConjugateGradientOptimizer.Formula,0,24,0,0,0,5,0,1,0,1
Apache Commons Math,org.apache.commons.math3.optim.nonlinear.scalar.gradient,NonLinearConjugateGradientOptimizer,30,297,5,28,15,76,7,19,2,7
Apache Commons Math,org.apache.commons.math3.optim.nonlinear.scalar.gradient,NonLinearConjugateGradientOptimizer.BracketingStep,9,0,0,0,4,0,2,0,2,0
Apache Commons Math,org.apache.commons.math3.ml.neuralnet.sofm.util,QuasiSigmoidDecayFunction,0,83,0,6,0,18,0,5,0,2
Apache Commons Math,org.apache.commons.math3.ml.neuralnet.sofm.util,ExponentialDecayFunction,0,70,0,8,0,13,0,6,0,2
Apache Commons Math,org.apache.commons.math3.optimization.univariate,SimpleUnivariateValueChecker,6,67,2,8,3,16,3,6,1,3
Apache Commons Math,org.apache.commons.math3.optimization.univariate,BaseAbstractUnivariateOptimizer,8,94,2,2,2,26,2,11,0,11
Apache Commons Math,org.apache.commons.math3.optimization.univariate,UnivariatePointValuePair,0,15,0,0,0,6,0,3,0,3
Apache Commons Math,org.apache.commons.math3.optimization.univariate,BracketFinder,80,324,16,30,19,81,17,18,5,7
Apache Commons Math,org.apache.commons.math3.optimization.univariate,BrentOptimizer,23,470,5,69,6,136,5,37,0,5
Apache Commons Math,org.apache.commons.math3.optimization.univariate,UnivariateMultiStartOptimizer,24,134,4,10,5,28,6,9,2,6
Apache Commons Math,org.apache.commons.math3.optimization.univariate,UnivariateMultiStartOptimizer.new Comparator() {...},6,33,3,5,1,8,3,3,0,2
Apache Commons Math,org.apache.commons.math3.stat.regression,RegressionResults,173,314,28,30,35,61,28,18,4,13
Apache Commons Math,org.apache.commons.math3.stat.regression,GLSMultipleLinearRegression,21,95,0,2,3,21,1,7,1,6
Apache Commons Math,org.apache.commons.math3.stat.regression,OLSMultipleLinearRegression,0,223,0,12,0,44,0,18,0,12
Apache Commons Math,org.apache.commons.math3.stat.regression,MillerUpdatingRegression,511,2529,66,208,94,447,57,104,2,22
Apache Commons Math,org.apache.commons.math3.stat.regression,SimpleRegression,397,1185,43,81,54,188,32,62,2,30
Apache Commons Math,org.apache.commons.math3.stat.regression,AbstractMultipleLinearRegression,38,402,6,42,6,80,7,37,1,19
Apache Commons Math,org.apache.commons.math3.stat.regression,ModelSpecificationException,0,5,0,0,0,2,0,1,0,1
Apache Commons Math,org.apache.commons.math3.geometry.euclidean.oned,OrientedPoint,31,53,2,4,8,12,7,9,6,7
Apache Commons Math,org.apache.commons.math3.geometry.euclidean.oned,Vector1DFormat,15,77,1,3,5,19,2,9,1,8
Apache Commons Math,org.apache.commons.math3.geometry.euclidean.oned,Euclidean1D.LazyHolder,0,6,0,0,0,1,0,1,0,1
Apache Commons Math,org.apache.commons.math3.geometry.euclidean.oned,Vector1D,11,339,1,15,3,74,2,41,1,34
Apache Commons Math,org.apache.commons.math3.geometry.euclidean.oned,Euclidean1D,0,10,0,0,0,4,0,4,0,4
Apache Commons Math,org.apache.commons.math3.geometry.euclidean.oned,Euclidean1D.NoSubSpaceException,0,11,0,0,0,2,0,1,0,1
Apache Commons Math,org.apache.commons.math3.geometry.euclidean.oned,IntervalsSet,102,600,15,77,20,133,17,60,5,26
Apache Commons Math,org.apache.commons.math3.geometry.euclidean.oned,SubOrientedPoint,4,55,0,6,2,9,2,7,2,4
Apache Commons Math,org.apache.commons.math3.geometry.euclidean.oned,IntervalsSet.SubIntervalsIterator,8,162,1,21,2,38,2,14,1,4
Apache Commons Math,org.apache.commons.math3.geometry.euclidean.oned,Interval,12,63,0,8,4,13,4,10,4,6
Apache Commons Math,org.apache.commons.math3.optimization.linear,Relationship,3,56,0,3,1,14,1,5,1,3
Apache Commons Math,org.apache.commons.math3.optimization.linear,AbstractLinearOptimizer,7,58,1,1,1,19,1,10,0,10
Apache Commons Math,org.apache.commons.math3.optimization.linear,LinearConstraint,75,72,7,5,18,22,9,8,3,8
Apache Commons Math,org.apache.commons.math3.optimization.linear,SimplexSolver,0,341,0,54,0,82,0,34,0,7
Apache Commons Math,org.apache.commons.math3.optimization.linear,LinearObjectiveFunction,23,72,4,4,4,19,6,8,2,8
Apache Commons Math,org.apache.commons.math3.optimization.linear,UnboundedSolutionException,0,6,0,0,0,2,0,1,0,1
Apache Commons Math,org.apache.commons.math3.optimization.linear,SimplexTableau,50,1006,11,117,14,184,14,82,3,29
Apache Commons Math,org.apache.commons.math3.optimization.linear,NoFeasibleSolutionException,0,6,0,0,0,2,0,1,0,1
Apache Commons Math,org.apache.commons.math3.util,OpenIntToDoubleHashMap,0,681,0,68,0,157,0,58,0,24
Apache Commons Math,org.apache.commons.math3.util,FastMath.CodyWaite,0,92,0,2,0,24,0,5,0,4
Apache Commons Math,org.apache.commons.math3.util,DefaultTransformer,2,44,0,6,1,12,1,6,1,3
Apache Commons Math,org.apache.commons.math3.util,FastMath.lnMant,0,3,0,0,0,2,0,1,0,1
Apache Commons Math,org.apache.commons.math3.util,Combinations.LexicographicIterator,12,181,3,15,4,39,4,9,1,3
Apache Commons Math,org.apache.commons.math3.util,Decimal64,58,613,2,12,11,98,11,67,9,62
Apache Commons Math,org.apache.commons.math3.util,ResizableDoubleArray,72,978,11,78,23,229,18,76,7,42
Apache Commons Math,org.apache.commons.math3.util,FastMath,234,8435,56,800,38,1637,48,472,3,86
Apache Commons Math,org.apache.commons.math3.util,BigReal,13,400,0,4,6,77,4,33,4,31
Apache Commons Math,org.apache.commons.math3.util,Decimal64Field,0,13,0,0,0,5,0,5,0,5
Apache Commons Math,org.apache.commons.math3.util,MultidimensionalCounter.Iterator,11,91,1,7,3,17,4,7,3,4
Apache Commons Math,org.apache.commons.math3.util,MedianOf3PivotingStrategy,0,66,0,10,0,14,0,7,0,2
Apache Commons Math,org.apache.commons.math3.util,MathUtils,40,185,22,40,7,41,16,28,0,13
Apache Commons Math,org.apache.commons.math3.util,Precision,89,636,33,98,3,129,24,67,3,19
Apache Commons Math,org.apache.commons.math3.util,IterationEvent,0,10,0,0,0,4,0,2,0,2
Apache Commons Math,org.apache.commons.math3.util,Combinations,4,64,1,5,1,16,1,8,0,6
Apache Commons Math,org.apache.commons.math3.util,KthSelector,0,210,1,37,0,48,1,23,0,5
Apache Commons Math,org.apache.commons.math3.util,FastMath.ExpIntTable,0,5,0,0,0,3,0,1,0,1
Apache Commons Math,org.apache.commons.math3.util,CombinatoricsUtils,7,693,2,96,1,128,2,57,0,10
Apache Commons Math,org.apache.commons.math3.util,FastMathCalc,1916,0,62,0,315,0,48,0,17,0
Apache Commons Math,org.apache.commons.math3.util,MathArrays,348,2233,62,225,71,428,42,155,6,46
Apache Commons Math,org.apache.commons.math3.util,MathArrays.new Comparator() {...},0,11,0,0,0,2,0,2,0,2
Apache Commons Math,org.apache.commons.math3.util,MathArrays.new Comparator() {...},0,11,0,0,0,2,0,2,0,2
Apache Commons Math,org.apache.commons.math3.util,OpenIntToDoubleHashMap.Iterator,16,96,4,12,4,22,4,9,0,5
Apache Commons Math,org.apache.commons.math3.util,CompositeFormat,0,214,1,27,0,59,1,21,0,8
Apache Commons Math,org.apache.commons.math3.util,OpenIntToFieldHashMap.Iterator,17,95,4,12,4,22,4,9,0,5
Apache Commons Math,org.apache.commons.math3.util,FastMathLiteralArrays,0,33548,0,0,0,6085,0,6,0,6
Apache Commons Math,org.apache.commons.math3.util,Incrementor.new Incrementor.MaxCountExceededCallback() {...},0,9,0,0,0,2,0,2,0,2
Apache Commons Math,org.apache.commons.math3.util,MultidimensionalCounter,30,229,2,22,4,47,2,18,1,7
Apache Commons Math,org.apache.commons.math3.util,Combinations.LexicographicComparator,0,114,0,14,0,27,0,10,0,3
Apache Commons Math,org.apache.commons.math3.util,Combinations.IterationOrder,0,14,0,0,0,3,0,1,0,1
Apache Commons Math,org.apache.commons.math3.util,Combinations.SingletonIterator,8,21,1,1,2,8,2,3,1,3
Apache Commons Math,org.apache.commons.math3.util,ResizableDoubleArray.ExpansionMode,0,24,0,0,0,5,0,1,0,1
Apache Commons Math,org.apache.commons.math3.util,ContinuedFraction,56,103,7,9,11,30,9,4,2,3
Apache Commons Math,org.apache.commons.math3.util,Incrementor,9,69,1,7,2,23,1,13,0,10
Apache Commons Math,org.apache.commons.math3.util,MathArrays.OrderDirection,0,24,0,0,0,5,0,1,0,1
Apache Commons Math,org.apache.commons.math3.util,ArithmeticUtils,84,945,10,140,20,211,15,87,8,19
Apache Commons Math,org.apache.commons.math3.util,FastMath.ExpFracTable,0,5,0,0,0,3,0,1,0,1
Apache Commons Math,org.apache.commons.math3.util,RandomPivotingStrategy,18,6,0,0,2,3,1,1,1,1
Apache Commons Math,org.apache.commons.math3.util,IterationManager,25,96,0,8,7,23,3,13,3,9
Apache Commons Math,org.apache.commons.math3.util,MathArrays.Position,0,24,0,0,0,5,0,1,0,1
Apache Commons Math,org.apache.commons.math3.util,BigRealField,2,8,0,0,1,4,1,4,1,4
Apache Commons Math,org.apache.commons.math3.util,OpenIntToFieldHashMap,12,693,0,68,5,155,2,57,2,23
Apache Commons Math,org.apache.commons.math3.util,TransformerMap,36,134,8,12,9,31,8,14,1,11
Apache Commons Math,org.apache.commons.math3.util,Pair,13,110,5,15,3,24,6,14,1,9
Apache Commons Math,org.apache.commons.math3.util,CentralPivotingStrategy,15,3,0,0,2,1,1,1,1,1
Apache Commons Math,org.apache.commons.math3.util,BigRealField.LazyHolder,0,6,0,0,0,1,0,1,0,1
Apache Commons Math,org.apache.commons.math3.exception.util,DummyLocalizable,15,0,0,0,6,0,4,0,4,0
Apache Commons Math,org.apache.commons.math3.exception.util,ArgUtils,0,55,1,7,0,9,1,4,0,1
Apache Commons Math,org.apache.commons.math3.exception.util,LocalizedFormats,0,3633,1,1,0,340,1,4,0,4
Apache Commons Math,org.apache.commons.math3.exception.util,ExceptionContext,3,343,0,20,1,81,1,27,1,17
Apache Commons Math,org.apache.commons.math3.ml.clustering,FuzzyKMeansClusterer,104,506,16,40,23,99,15,31,4,14
Apache Commons Math,org.apache.commons.math3.ml.clustering,MultiKMeansPlusPlusClusterer,9,58,0,4,3,16,3,5,3,3
Apache Commons Math,org.apache.commons.math3.ml.clustering,KMeansPlusPlusClusterer.EmptyClusterStrategy,0,44,0,0,0,9,0,1,0,1
Apache Commons Math,org.apache.commons.math3.ml.clustering,DoublePoint,6,47,1,3,2,12,2,6,1,5
Apache Commons Math,org.apache.commons.math3.ml.clustering,CentroidCluster,0,9,0,0,0,4,0,2,0,2
Apache Commons Math,org.apache.commons.math3.ml.clustering,DBSCANClusterer.PointStatus,0,24,0,0,0,5,0,1,0,1
Apache Commons Math,org.apache.commons.math3.ml.clustering,Clusterer,0,17,0,0,0,5,0,3,0,3
Apache Commons Math,org.apache.commons.math3.ml.clustering,DBSCANClusterer,0,219,0,28,0,51,0,22,0,8
Apache Commons Math,org.apache.commons.math3.ml.clustering,Cluster,0,17,0,0,0,6,0,3,0,3
Apache Commons Math,org.apache.commons.math3.ml.clustering,KMeansPlusPlusClusterer,252,454,38,50,62,99,31,31,8,9
Apache Commons Math,org.apache.commons.math3.analysis.integration.gauss,LegendreHighPrecisionRuleFactory,0,514,0,24,0,99,0,15,0,3
Apache Commons Math,org.apache.commons.math3.analysis.integration.gauss,SymmetricGaussIntegrator,0,104,0,6,0,25,0,6,0,3
Apache Commons Math,org.apache.commons.math3.analysis.integration.gauss,HermiteRuleFactory,0,334,0,24,0,70,0,14,0,2
Apache Commons Math,org.apache.commons.math3.analysis.integration.gauss,BaseRuleFactory,19,136,2,8,4,30,2,8,0,5
Apache Commons Math,org.apache.commons.math3.analysis.integration.gauss,GaussIntegratorFactory,0,117,0,2,0,20,0,9,0,8
Apache Commons Math,org.apache.commons.math3.analysis.integration.gauss,LegendreRuleFactory,0,321,0,24,0,62,0,14,0,2
Apache Commons Math,org.apache.commons.math3.analysis.integration.gauss,GaussIntegrator,8,92,1,3,2,21,1,7,0,6
Apache Commons Math,org.apache.commons.math3.stat.descriptive.moment,Kurtosis,6,245,3,13,3,53,4,14,1,9
Apache Commons Math,org.apache.commons.math3.stat.descriptive.moment,FourthMoment,6,107,0,2,3,27,1,7,1,6
Apache Commons Math,org.apache.commons.math3.stat.descriptive.moment,StandardDeviation,41,96,0,0,9,28,5,12,5,12
Apache Commons Math,org.apache.commons.math3.stat.descriptive.moment,VectorialCovariance,60,214,9,19,13,39,9,12,1,6
Apache Commons Math,org.apache.commons.math3.stat.descriptive.moment,ThirdMoment,0,109,0,2,0,29,0,8,0,7
Apache Commons Math,org.apache.commons.math3.stat.descriptive.moment,SemiVariance.Direction,0,37,0,0,0,9,0,3,0,3
Apache Commons Math,org.apache.commons.math3.stat.descriptive.moment,FirstMoment,6,106,0,2,3,32,1,8,1,7
Apache Commons Math,org.apache.commons.math3.stat.descriptive.moment,SecondMoment,8,67,0,2,3,20,1,7,1,6
Apache Commons Math,org.apache.commons.math3.stat.descriptive.moment,GeometricMean,22,91,1,3,7,29,3,12,2,11
Apache Commons Math,org.apache.commons.math3.stat.descriptive.moment,VectorialMean,22,103,4,12,7,20,5,9,1,5
Apache Commons Math,org.apache.commons.math3.stat.descriptive.moment,Mean,8,181,3,9,4,43,4,14,1,11
Apache Commons Math,org.apache.commons.math3.stat.descriptive.moment,SemiVariance,91,142,0,12,23,33,9,14,9,8
Apache Commons Math,org.apache.commons.math3.stat.descriptive.moment,Skewness,9,237,2,14,3,52,3,15,1,9
Apache Commons Math,org.apache.commons.math3.stat.descriptive.moment,Variance,53,435,14,32,10,103,17,27,3,18
Apache Commons Math,org.apache.commons.math3.analysis.function,Atan,7,6,0,0,2,2,2,2,2,2
Apache Commons Math,org.apache.commons.math3.analysis.function,Atanh,13,0,0,0,4,0,4,0,4,0
Apache Commons Math,org.apache.commons.math3.analysis.function,Cosh,4,9,0,0,1,3,1,3,1,3
Apache Commons Math,org.apache.commons.math3.analysis.function,Atan2,7,0,0,0,2,0,2,0,2,0
Apache Commons Math,org.apache.commons.math3.analysis.function,Divide,0,7,0,0,0,2,0,2,0,2
Apache Commons Math,org.apache.commons.math3.analysis.function,Tan,7,6,0,0,2,2,2,2,2,2
Apache Commons Math,org.apache.commons.math3.analysis.function,Floor,0,6,0,0,0,2,0,2,0,2
Apache Commons Math,org.apache.commons.math3.analysis.function,Expm1,7,6,0,0,2,2,2,2,2,2
Apache Commons Math,org.apache.commons.math3.analysis.function,Logit.Parametric,30,33,0,4,4,8,1,5,1,3
Apache Commons Math,org.apache.commons.math3.analysis.function,Abs,0,6,0,0,0,2,0,2,0,2
Apache Commons Math,org.apache.commons.math3.analysis.function,Constant,5,19,0,0,1,5,1,3,1,3
Apache Commons Math,org.apache.commons.math3.analysis.function,Ceil,0,6,0,0,0,2,0,2,0,2
Apache Commons Math,org.apache.commons.math3.analysis.function,Add,0,7,0,0,0,2,0,2,0,2
Apache Commons Math,org.apache.commons.math3.analysis.function,Logit,9,168,0,16,3,28,2,12,2,4
Apache Commons Math,org.apache.commons.math3.analysis.function,Logistic,4,94,0,2,1,13,1,5,1,4
Apache Commons Math,org.apache.commons.math3.analysis.function,Acos,7,6,0,0,2,2,2,2,2,2
Apache Commons Math,org.apache.commons.math3.analysis.function,Sigmoid.Parametric,0,57,0,4,0,11,0,6,0,4
Apache Commons Math,org.apache.commons.math3.analysis.function,Max,0,7,0,0,0,2,0,2,0,2
Apache Commons Math,org.apache.commons.math3.analysis.function,Rint,0,6,0,0,0,2,0,2,0,2
Apache Commons Math,org.apache.commons.math3.analysis.function,Asinh,13,0,0,0,4,0,4,0,4,0
Apache Commons Math,org.apache.commons.math3.analysis.function,HarmonicOscillator,4,98,0,4,1,17,1,6,1,4
Apache Commons Math,org.apache.commons.math3.analysis.function,Acosh,13,0,0,0,4,0,4,0,4,0
Apache Commons Math,org.apache.commons.math3.analysis.function,Gaussian,4,207,0,14,1,38,1,13,1,6
Apache Commons Math,org.apache.commons.math3.analysis.function,StepFunction,0,78,0,14,0,22,0,9,0,2
Apache Commons Math,org.apache.commons.math3.analysis.function,Min,0,7,0,0,0,2,0,2,0,2
Apache Commons Math,org.apache.commons.math3.analysis.function,Sigmoid,4,161,0,8,1,30,1,9,1,5
Apache Commons Math,org.apache.commons.math3.analysis.function,HarmonicOscillator.Parametric,0,88,0,4,0,17,0,6,0,4
Apache Commons Math,org.apache.commons.math3.analysis.function,Power,4,16,0,0,1,5,1,3,1,3
Apache Commons Math,org.apache.commons.math3.analysis.function,Identity,5,7,0,0,1,3,1,3,1,3
Apache Commons Math,org.apache.commons.math3.analysis.function,Signum,0,6,0,0,0,2,0,2,0,2
Apache Commons Math,org.apache.commons.math3.analysis.function,Multiply,0,7,0,0,0,2,0,2,0,2
Apache Commons Math,org.apache.commons.math3.analysis.function,Minus,5,9,0,0,1,3,1,3,1,3
Apache Commons Math,org.apache.commons.math3.analysis.function,Sin,0,13,0,0,0,4,0,4,0,4
Apache Commons Math,org.apache.commons.math3.analysis.function,Log10,7,6,0,0,2,2,2,2,2,2
Apache Commons Math,org.apache.commons.math3.analysis.function,Asin,7,6,0,0,2,2,2,2,2,2
Apache Commons Math,org.apache.commons.math3.analysis.function,Logistic.Parametric,27,156,0,6,4,25,1,6,1,3
Apache Commons Math,org.apache.commons.math3.analysis.function,Sqrt,4,9,0,0,1,3,1,3,1,3
Apache Commons Math,org.apache.commons.math3.analysis.function,Ulp,0,6,0,0,0,2,0,2,0,2
Apache Commons Math,org.apache.commons.math3.analysis.function,Tanh,7,6,0,0,2,2,2,2,2,2
Apache Commons Math,org.apache.commons.math3.analysis.function,Log1p,7,6,0,0,2,2,2,2,2,2
Apache Commons Math,org.apache.commons.math3.analysis.function,Subtract,7,0,0,0,2,0,2,0,2,0
Apache Commons Math,org.apache.commons.math3.analysis.function,Exp,7,6,0,0,2,2,2,2,2,2
Apache Commons Math,org.apache.commons.math3.analysis.function,Gaussian.Parametric,0,124,0,6,0,21,0,7,0,4
Apache Commons Math,org.apache.commons.math3.analysis.function,Cos,4,9,0,0,1,3,1,3,1,3
Apache Commons Math,org.apache.commons.math3.analysis.function,Log,4,9,0,0,1,3,1,3,1,3
Apache Commons Math,org.apache.commons.math3.analysis.function,Sinc,6,353,2,24,1,55,3,15,1,4
Apache Commons Math,org.apache.commons.math3.analysis.function,Sinh,7,6,0,0,2,2,2,2,2,2
Apache Commons Math,org.apache.commons.math3.analysis.function,Pow,0,7,0,0,0,2,0,2,0,2
Apache Commons Math,org.apache.commons.math3.analysis.function,Inverse,4,10,0,0,1,3,1,3,1,3
Apache Commons Math,org.apache.commons.math3.analysis.function,Cbrt,7,6,0,0,2,2,2,2,2,2
Apache Commons Math,org.apache.commons.math3.dfp,DfpField,46,739,8,38,12,154,19,44,11,29
Apache Commons Math,org.apache.commons.math3.dfp,Dfp,360,5242,81,697,84,1034,83,426,5,108
Apache Commons Math,org.apache.commons.math3.dfp,DfpDec,125,563,12,100,26,117,22,56,10,9
Apache Commons Math,org.apache.commons.math3.dfp,DfpField.RoundingMode,0,84,0,0,0,17,0,1,0,1
Apache Commons Math,org.apache.commons.math3.dfp,DfpMath,180,1690,40,154,34,345,29,88,1,19
Apache Commons Math,org.apache.commons.math3.dfp,BracketingNthOrderBrentSolverDFP,66,543,7,59,13,122,9,36,3,7
Apache Commons Math,org.apache.commons.math3.stat.descriptive.rank,PSquarePercentile.Markers,0,588,0,38,0,93,0,35,0,16
Apache Commons Math,org.apache.commons.math3.stat.descriptive.rank,Percentile,37,472,3,42,11,112,4,47,2,25
Apache Commons Math,org.apache.commons.math3.stat.descriptive.rank,PSquarePercentile.FixedCapacityList,2,38,3,5,0,8,3,4,0,3
Apache Commons Math,org.apache.commons.math3.stat.descriptive.rank,PSquarePercentile,0,383,0,48,0,80,0,39,0,15
Apache Commons Math,org.apache.commons.math3.stat.descriptive.rank,Percentile.EstimationType.new Percentile.EstimationType() {...},0,46,0,4,0,6,0,4,0,2
Apache Commons Math,org.apache.commons.math3.stat.descriptive.rank,Percentile.EstimationType.new Percentile.EstimationType() {...},0,46,0,4,0,7,0,4,0,2
Apache Commons Math,org.apache.commons.math3.stat.descriptive.rank,Percentile.EstimationType.new Percentile.EstimationType() {...},0,33,0,4,0,6,0,4,0,2
Apache Commons Math,org.apache.commons.math3.stat.descriptive.rank,Percentile.EstimationType.new Percentile.EstimationType() {...},0,44,0,4,0,6,0,4,0,2
Apache Commons Math,org.apache.commons.math3.stat.descriptive.rank,Percentile.EstimationType.new Percentile.EstimationType() {...},0,40,0,4,0,6,0,4,0,2
Apache Commons Math,org.apache.commons.math3.stat.descriptive.rank,Percentile.EstimationType.new Percentile.EstimationType() {...},0,31,0,4,0,6,0,4,0,2
Apache Commons Math,org.apache.commons.math3.stat.descriptive.rank,Percentile.EstimationType.new Percentile.EstimationType() {...},0,32,0,4,0,5,0,4,0,2
Apache Commons Math,org.apache.commons.math3.stat.descriptive.rank,Percentile.EstimationType.new Percentile.EstimationType() {...},0,24,0,2,0,4,0,3,0,2
Apache Commons Math,org.apache.commons.math3.stat.descriptive.rank,Percentile.EstimationType.new Percentile.EstimationType() {...},0,59,0,4,0,10,0,5,0,3
Apache Commons Math,org.apache.commons.math3.stat.descriptive.rank,Percentile.EstimationType.new Percentile.EstimationType() {...},0,33,0,2,0,4,0,4,0,3
Apache Commons Math,org.apache.commons.math3.stat.descriptive.rank,Median,13,29,0,0,3,6,2,4,2,4
Apache Commons Math,org.apache.commons.math3.stat.descriptive.rank,Percentile.EstimationType,0,223,0,8,0,41,0,10,0,6
Apache Commons Math,org.apache.commons.math3.stat.descriptive.rank,PSquarePercentile.Marker,3,483,7,43,1,90,7,33,0,15
Apache Commons Math,org.apache.commons.math3.stat.descriptive.rank,Min,6,107,0,12,3,29,1,14,1,8
Apache Commons Math,org.apache.commons.math3.stat.descriptive.rank,Max,6,107,0,12,3,29,1,14,1,8
Apache Commons Math,org.apache.commons.math3.fitting.leastsquares,EvaluationRmsChecker,5,31,0,4,2,8,1,4,1,2
Apache Commons Math,org.apache.commons.math3.fitting.leastsquares,LevenbergMarquardtOptimizer.InternalData,0,21,0,0,0,8,0,1,0,1
Apache Commons Math,org.apache.commons.math3.fitting.leastsquares,OptimumImpl,8,40,0,0,2,12,2,8,2,8
Apache Commons Math,org.apache.commons.math3.fitting.leastsquares,LeastSquaresAdapter,0,35,0,0,0,10,0,8,0,8
Apache Commons Math,org.apache.commons.math3.fitting.leastsquares,DenseWeightedEvaluation,0,29,0,0,0,7,0,4,0,4
Apache Commons Math,org.apache.commons.math3.fitting.leastsquares,GaussNewtonOptimizer.Decomposition.new GaussNewtonOptimizer.Decomposition() {...},0,14,0,0,0,4,0,2,0,2
Apache Commons Math,org.apache.commons.math3.fitting.leastsquares,GaussNewtonOptimizer.Decomposition.new GaussNewtonOptimizer.Decomposition() {...},0,40,0,0,0,11,0,2,0,2
Apache Commons Math,org.apache.commons.math3.fitting.leastsquares,GaussNewtonOptimizer.Decomposition.new GaussNewtonOptimizer.Decomposition() {...},0,27,0,0,0,6,0,2,0,2
Apache Commons Math,org.apache.commons.math3.fitting.leastsquares,GaussNewtonOptimizer.Decomposition.new GaussNewtonOptimizer.Decomposition() {...},0,39,0,0,0,10,0,2,0,2
Apache Commons Math,org.apache.commons.math3.fitting.leastsquares,LevenbergMarquardtOptimizer,90,1997,16,186,17,397,20,99,5,13
Apache Commons Math,org.apache.commons.math3.fitting.leastsquares,LeastSquaresFactory.LocalValueAndJacobianFunction,0,40,0,0,0,9,0,4,0,4
Apache Commons Math,org.apache.commons.math3.fitting.leastsquares,LeastSquaresBuilder,5,90,0,0,2,30,1,14,1,14
Apache Commons Math,org.apache.commons.math3.fitting.leastsquares,GaussNewtonOptimizer,27,174,1,17,8,42,5,11,4,3
Apache Commons Math,org.apache.commons.math3.fitting.leastsquares,AbstractEvaluation,0,76,0,2,0,18,0,6,0,5
Apache Commons Math,org.apache.commons.math3.fitting.leastsquares,LeastSquaresFactory.LocalLeastSquaresProblem.UnweightedEvaluation,0,25,0,0,0,8,0,4,0,4
Apache Commons Math,org.apache.commons.math3.fitting.leastsquares,LeastSquaresFactory.LocalLeastSquaresProblem.LazyUnweightedEvaluation,20,14,0,0,3,5,3,1,3,1
Apache Commons Math,org.apache.commons.math3.fitting.leastsquares,LeastSquaresFactory.new LeastSquaresAdapter() {...},14,0,0,0,3,0,2,0,2,0
Apache Commons Math,org.apache.commons.math3.fitting.leastsquares,LeastSquaresFactory.new ConvergenceChecker() {...},0,31,0,0,0,11,0,2,0,2
Apache Commons Math,org.apache.commons.math3.fitting.leastsquares,LeastSquaresFactory,54,77,0,6,25,23,5,8,5,5
Apache Commons Math,org.apache.commons.math3.fitting.leastsquares,LeastSquaresFactory.new LeastSquaresAdapter() {...},0,16,0,0,0,2,0,2,0,2
Apache Commons Math,org.apache.commons.math3.fitting.leastsquares,GaussNewtonOptimizer.Decomposition,0,44,0,0,0,9,0,1,0,1
Apache Commons Math,org.apache.commons.math3.fitting.leastsquares,LeastSquaresFactory.LocalLeastSquaresProblem,2,99,1,9,0,26,1,9,0,5
Apache Commons Math,org.apache.commons.math3.ode,MultistepIntegrator.InitializationCompletedMarkerException,0,4,0,0,0,2,0,1,0,1
Apache Commons Math,org.apache.commons.math3.ode,ExpandableStatefulODE.SecondaryComponent,0,24,0,0,0,7,0,1,0,1
Apache Commons Math,org.apache.commons.math3.ode,ExpandableStatefulODE,57,289,4,14,7,56,6,20,2,15
Apache Commons Math,org.apache.commons.math3.ode,JacobianMatrices,44,358,9,25,10,69,9,19,0,11
Apache Commons Math,org.apache.commons.math3.ode,UnknownParameterException,12,0,0,0,4,0,2,0,2,0
Apache Commons Math,org.apache.commons.math3.ode,MultistepIntegrator.NordsieckInitializer,52,222,2,8,6,36,2,6,0,3
Apache Commons Math,org.apache.commons.math3.ode,AbstractIntegrator,12,622,2,60,4,131,4,51,2,22
Apache Commons Math,org.apache.commons.math3.ode,JacobianMatrices.MismatchedEquations,6,0,0,0,2,0,1,0,1,0
Apache Commons Math,org.apache.commons.math3.ode,ContinuousOutputModel,22,536,3,45,4,113,5,32,2,11
Apache Commons Math,org.apache.commons.math3.ode,FirstOrderConverter,0,75,0,0,0,14,0,3,0,3
Apache Commons Math,org.apache.commons.math3.ode,ParameterConfiguration,0,19,0,0,0,8,0,4,0,4
Apache Commons Math,org.apache.commons.math3.ode,AbstractParameterizable,23,52,2,6,7,10,4,5,2,3
Apache Commons Math,org.apache.commons.math3.ode,ParameterizedWrapper,35,0,2,0,12,0,8,0,7,0
Apache Commons Math,org.apache.commons.math3.ode,MultistepIntegrator,49,139,2,2,13,36,7,7,5,7
Apache Commons Math,org.apache.commons.math3.ode,AbstractIntegrator.new Comparator() {...},0,18,0,0,0,2,0,2,0,2
Apache Commons Math,org.apache.commons.math3.ode,JacobianMatrices.JacobiansSecondaryEquations,9,251,5,21,1,39,5,11,0,3
Apache Commons Math,org.apache.commons.math3.ode,MultistepIntegrator.new FirstOrderDifferentialEquations() {...},19,0,0,0,4,0,3,0,3,0
Apache Commons Math,org.apache.commons.math3.ode,JacobianMatrices.MainStateJacobianWrapper,8,90,1,5,1,18,1,6,0,4
Apache Commons Math,org.apache.commons.math3.ode,EquationsMapper,16,43,2,2,2,12,2,5,0,5
Apache Commons Math,org.apache.commons.math3.ode,ParameterJacobianWrapper,9,113,2,6,2,22,3,5,1,3
Apache Commons Math,org.apache.commons.math3.transform,FastFourierTransformer.MultiDimensionalComplexMatrix,46,258,8,22,16,53,6,16,0,7
Apache Commons Math,org.apache.commons.math3.transform,FastFourierTransformer,30,1379,9,54,4,203,9,33,0,10
Apache Commons Math,org.apache.commons.math3.transform,TransformUtils,35,254,4,10,8,31,4,9,1,5
Apache Commons Math,org.apache.commons.math3.transform,FastCosineTransformer,0,303,0,14,0,46,0,11,0,4
Apache Commons Math,org.apache.commons.math3.transform,DstNormalization,0,24,0,0,0,5,0,1,0,1
Apache Commons Math,org.apache.commons.math3.transform,TransformType,0,24,0,0,0,5,0,1,0,1
Apache Commons Math,org.apache.commons.math3.transform,DctNormalization,0,24,0,0,0,5,0,1,0,1
Apache Commons Math,org.apache.commons.math3.transform,DftNormalization,0,24,0,0,0,5,0,1,0,1
Apache Commons Math,org.apache.commons.math3.transform,FastHadamardTransformer,21,208,1,17,4,40,2,13,1,5
Apache Commons Math,org.apache.commons.math3.transform,FastSineTransformer,0,247,0,14,0,42,0,11,0,4
Apache Commons Math,org.apache.commons.math3.analysis.interpolation,UnivariatePeriodicInterpolator.new UnivariateFunction() {...},0,23,0,0,0,2,0,2,0,2
Apache Commons Math,org.apache.commons.math3.analysis.interpolation,TricubicSplineInterpolatingFunction,68,17988,10,70,6,194,10,35,0,5
Apache Commons Math,org.apache.commons.math3.analysis.interpolation,MicrosphereInterpolatingFunction.MicrosphereSurfaceElement,0,37,0,2,0,13,0,7,0,6
Apache Commons Math,org.apache.commons.math3.analysis.interpolation,BicubicSplineFunction.new BivariateFunction() {...},0,63,0,0,0,6,0,2,0,2
Apache Commons Math,org.apache.commons.math3.analysis.interpolation,LoessInterpolator,32,541,4,48,6,114,6,30,2,8
Apache Commons Math,org.apache.commons.math3.analysis.interpolation,BicubicSplineFunction.new BivariateFunction() {...},54,9,0,0,5,1,1,1,1,1
Apache Commons Math,org.apache.commons.math3.analysis.interpolation,BicubicSplineFunction.new BivariateFunction() {...},54,9,0,0,5,1,1,1,1,1
Apache Commons Math,org.apache.commons.math3.analysis.interpolation,BicubicSplineFunction.new BivariateFunction() {...},0,67,0,0,0,7,0,2,0,2
Apache Commons Math,org.apache.commons.math3.analysis.interpolation,BicubicSplineFunction.new BivariateFunction() {...},0,67,0,0,0,7,0,2,0,2
Apache Commons Math,org.apache.commons.math3.analysis.interpolation,BicubicSplineInterpolatingFunction,16,1790,6,48,3,108,8,32,2,11
Apache Commons Math,org.apache.commons.math3.analysis.interpolation,TricubicSplineFunction,30,202,6,18,3,25,6,8,0,2
Apache Commons Math,org.apache.commons.math3.analysis.interpolation,SmoothingPolynomialBicubicSplineInterpolator,20,266,5,27,5,47,6,14,1,3
Apache Commons Math,org.apache.commons.math3.analysis.interpolation,FieldHermiteInterpolator,0,423,0,30,0,64,0,19,0,4
Apache Commons Math,org.apache.commons.math3.analysis.interpolation,BicubicInterpolator.new BicubicInterpolatingFunction() {...},0,58,0,8,0,7,0,6,0,2
Apache Commons Math,org.apache.commons.math3.analysis.interpolation,TricubicFunction,30,202,6,18,3,25,6,8,0,2
Apache Commons Math,org.apache.commons.math3.analysis.interpolation,PiecewiseBicubicSplineInterpolator,4,37,4,10,1,12,4,5,0,2
Apache Commons Math,org.apache.commons.math3.analysis.interpolation,AkimaSplineInterpolator,27,480,3,23,6,68,3,14,0,4
Apache Commons Math,org.apache.commons.math3.analysis.interpolation,DividedDifferenceInterpolator,0,100,0,4,0,17,0,5,0,3
Apache Commons Math,org.apache.commons.math3.analysis.interpolation,SplineInterpolator,0,330,0,12,0,39,0,8,0,2
Apache Commons Math,org.apache.commons.math3.analysis.interpolation,HermiteInterpolator,0,403,0,28,0,62,0,21,0,7
Apache Commons Math,org.apache.commons.math3.analysis.interpolation,TricubicSplineInterpolator,4,577,4,50,1,88,4,27,0,4
Apache Commons Math,org.apache.commons.math3.analysis.interpolation,BicubicInterpolator,4,188,3,9,1,29,3,5,0,2
Apache Commons Math,org.apache.commons.math3.analysis.interpolation,MicrosphereInterpolatingFunction,32,220,8,22,6,39,8,10,0,3
Apache Commons Math,org.apache.commons.math3.analysis.interpolation,MicrosphereInterpolator,12,37,2,2,2,14,2,3,0,3
Apache Commons Math,org.apache.commons.math3.analysis.interpolation,TricubicInterpolatingFunction,126,18146,22,70,14,201,17,35,1,5
Apache Commons Math,org.apache.commons.math3.analysis.interpolation,BicubicSplineInterpolator,4,308,3,31,1,52,3,19,0,5
Apache Commons Math,org.apache.commons.math3.analysis.interpolation,NevilleInterpolator,0,9,0,0,0,2,0,2,0,2
Apache Commons Math,org.apache.commons.math3.analysis.interpolation,TricubicInterpolator.new TricubicInterpolatingFunction() {...},58,26,12,0,8,1,7,1,1,1
Apache Commons Math,org.apache.commons.math3.analysis.interpolation,BicubicInterpolatingFunction,4,1664,6,42,1,88,6,24,0,6
Apache Commons Math,org.apache.commons.math3.analysis.interpolation,LinearInterpolator,0,108,0,8,0,18,0,6,0,2
Apache Commons Math,org.apache.commons.math3.analysis.interpolation,PiecewiseBicubicSplineInterpolatingFunction,61,255,16,36,8,58,13,17,1,3
Apache Commons Math,org.apache.commons.math3.analysis.interpolation,BicubicFunction,20,139,4,10,2,21,4,6,0,3
Apache Commons Math,org.apache.commons.math3.analysis.interpolation,BicubicSplineFunction,25,316,4,18,4,50,5,15,1,8
Apache Commons Math,org.apache.commons.math3.analysis.interpolation,TricubicInterpolator,4,502,4,16,1,57,4,8,0,2
Apache Commons Math,org.apache.commons.math3.analysis.interpolation,UnivariatePeriodicInterpolator,0,165,0,6,0,28,0,6,0,3
Apache Commons Math,org.apache.commons.math3.ml.neuralnet.oned,NeuronString,39,237,4,18,5,42,6,13,2,6
Apache Commons Math,org.apache.commons.math3.ml.neuralnet.oned,NeuronString.SerializationProxy,0,17,0,0,0,6,0,2,0,2
Apache Commons Math,org.apache.commons.math3.ml.clustering.evaluation,SumOfClusterVariances,0,54,1,5,0,11,1,4,0,2
Apache Commons Math,org.apache.commons.math3.ml.clustering.evaluation,ClusterEvaluator,8,98,1,11,3,18,2,9,1,4
Apache Commons Math,org.apache.commons.math3.analysis.integration,LegendreGaussIntegrator,30,449,1,12,6,78,2,12,1,5
Apache Commons Math,org.apache.commons.math3.analysis.integration,SimpsonIntegrator,34,92,5,7,7,22,5,5,1,3
Apache Commons Math,org.apache.commons.math3.analysis.integration,IterativeLegendreGaussIntegrator.new UnivariateFunction() {...},0,11,0,0,0,2,0,2,0,2
Apache Commons Math,org.apache.commons.math3.analysis.integration,IterativeLegendreGaussIntegrator,7,157,1,7,1,38,1,9,0,6
Apache Commons Math,org.apache.commons.math3.analysis.integration,RombergIntegrator,20,145,4,8,6,31,4,6,1,3
Apache Commons Math,org.apache.commons.math3.analysis.integration,BaseAbstractUnivariateIntegrator,17,120,1,3,5,36,3,13,2,12
Apache Commons Math,org.apache.commons.math3.analysis.integration,TrapezoidIntegrator,20,162,4,10,6,37,4,8,1,4
Apache Commons Math,org.apache.commons.math3.analysis.integration,MidPointIntegrator,10,147,3,9,3,32,3,8,0,5
Apache Commons Math,org.apache.commons.math3.geometry,VectorFormat,37,150,1,15,13,37,8,12,7,5
Apache Commons Math,org.apache.commons.math3.optimization.fitting,HarmonicFitter.ParameterGuesser,4,464,2,28,1,94,2,18,0,5
Apache Commons Math,org.apache.commons.math3.optimization.fitting,CurveFitter.OldTheoreticalValuesFunction,0,47,0,2,0,9,0,4,0,3
Apache Commons Math,org.apache.commons.math3.optimization.fitting,PolynomialFitter,26,14,0,0,5,4,3,2,3,2
Apache Commons Math,org.apache.commons.math3.optimization.fitting,GaussianFitter.ParameterGuesser.new Comparator() {...},44,26,15,5,13,7,10,2,0,2
Apache Commons Math,org.apache.commons.math3.optimization.fitting,CurveFitter.OldTheoreticalValuesFunction.new MultivariateMatrixFunction() {...},0,42,0,2,0,6,0,3,0,2
Apache Commons Math,org.apache.commons.math3.optimization.fitting,WeightedObservedPoint,0,21,0,0,0,8,0,4,0,4
Apache Commons Math,org.apache.commons.math3.optimization.fitting,CurveFitter,37,101,1,3,11,23,4,7,3,6
Apache Commons Math,org.apache.commons.math3.optimization.fitting,GaussianFitter.ParameterGuesser,21,319,6,28,5,56,6,19,0,8
Apache Commons Math,org.apache.commons.math3.optimization.fitting,CurveFitter.TheoreticalValuesFunction,121,0,8,0,19,0,7,0,3,0
Apache Commons Math,org.apache.commons.math3.optimization.fitting,GaussianFitter,0,25,0,0,0,6,0,3,0,3
Apache Commons Math,org.apache.commons.math3.optimization.fitting,GaussianFitter.new Gaussian.Parametric() {...},1,40,0,0,0,11,0,3,0,3
Apache Commons Math,org.apache.commons.math3.optimization.fitting,HarmonicFitter,0,20,0,0,0,4,0,3,0,3
Apache Commons Math,org.apache.commons.math3.optim.linear,UnboundedSolutionException,0,6,0,0,0,2,0,1,0,1
Apache Commons Math,org.apache.commons.math3.optim.linear,LinearConstraint,60,87,6,6,15,25,7,10,2,9
Apache Commons Math,org.apache.commons.math3.optim.linear,NonNegativeConstraint,0,9,0,0,0,4,0,2,0,2
Apache Commons Math,org.apache.commons.math3.optim.linear,PivotSelectionRule,0,24,0,0,0,5,0,1,0,1
Apache Commons Math,org.apache.commons.math3.optim.linear,Relationship,3,56,0,3,1,14,1,5,1,3
Apache Commons Math,org.apache.commons.math3.optim.linear,LinearObjectiveFunction,15,76,4,4,3,20,5,9,1,9
Apache Commons Math,org.apache.commons.math3.optim.linear,SimplexSolver,18,398,3,61,6,100,5,39,2,10
Apache Commons Math,org.apache.commons.math3.optim.linear,LinearOptimizer,0,63,0,8,0,17,0,10,0,6
Apache Commons Math,org.apache.commons.math3.optim.linear,LinearConstraintSet,29,17,2,0,4,5,2,2,1,2
Apache Commons Math,org.apache.commons.math3.optim.linear,NoFeasibleSolutionException,0,6,0,0,0,2,0,1,0,1
Apache Commons Math,org.apache.commons.math3.optim.linear,SimplexTableau,50,1128,11,127,14,210,14,92,3,34
Apache Commons Math,org.apache.commons.math3.optim.linear,SolutionCallback,0,25,0,4,0,5,0,6,0,4
Apache Commons Math,org.apache.commons.math3.ode.nonstiff,AdamsMoultonIntegrator,28,383,2,30,4,77,2,17,0,3
Apache Commons Math,org.apache.commons.math3.ode.nonstiff,AdamsMoultonIntegrator.Corrector,13,132,2,6,1,23,2,6,0,4
Apache Commons Math,org.apache.commons.math3.ode.nonstiff,RungeKuttaStepInterpolator,17,221,7,23,3,51,7,14,0,6
Apache Commons Math,org.apache.commons.math3.ode.nonstiff,ClassicalRungeKuttaIntegrator,0,88,0,0,0,12,0,2,0,2
Apache Commons Math,org.apache.commons.math3.ode.nonstiff,HighamHall54Integrator,0,331,0,6,0,33,0,8,0,5
Apache Commons Math,org.apache.commons.math3.ode.nonstiff,DormandPrince853StepInterpolator,21,1574,5,43,3,175,5,29,0,10
Apache Commons Math,org.apache.commons.math3.ode.nonstiff,AdamsNordsieckTransformer,4,405,0,20,1,69,1,17,1,7
Apache Commons Math,org.apache.commons.math3.ode.nonstiff,ClassicalRungeKuttaStepInterpolator,0,269,1,7,0,39,1,7,0,4
Apache Commons Math,org.apache.commons.math3.ode.nonstiff,RungeKuttaIntegrator,7,543,1,43,2,84,1,24,0,3
Apache Commons Math,org.apache.commons.math3.ode.nonstiff,ThreeEighthesStepInterpolator,0,308,1,7,0,42,1,7,0,4
Apache Commons Math,org.apache.commons.math3.ode.nonstiff,ThreeEighthesIntegrator,0,88,0,0,0,11,0,2,0,2
Apache Commons Math,org.apache.commons.math3.ode.nonstiff,AdaptiveStepsizeIntegrator,14,398,6,40,4,84,5,30,0,12
Apache Commons Math,org.apache.commons.math3.ode.nonstiff,EmbeddedRungeKuttaIntegrator,0,626,0,54,0,114,0,36,0,9
Apache Commons Math,org.apache.commons.math3.ode.nonstiff,LutherStepInterpolator,0,722,1,7,0,56,1,8,0,5
Apache Commons Math,org.apache.commons.math3.ode.nonstiff,EulerIntegrator,0,25,0,0,0,7,0,2,0,2
Apache Commons Math,org.apache.commons.math3.ode.nonstiff,GillIntegrator,0,117,0,0,0,11,0,2,0,2
Apache Commons Math,org.apache.commons.math3.ode.nonstiff,DormandPrince853Integrator,0,895,0,6,0,88,0,8,0,5
Apache Commons Math,org.apache.commons.math3.ode.nonstiff,LutherIntegrator,0,288,0,0,0,15,0,2,0,2
Apache Commons Math,org.apache.commons.math3.ode.nonstiff,GraggBulirschStoerStepInterpolator,58,839,15,43,12,130,14,25,0,10
Apache Commons Math,org.apache.commons.math3.ode.nonstiff,HighamHall54StepInterpolator,0,449,1,7,0,45,1,7,0,4
Apache Commons Math,org.apache.commons.math3.ode.nonstiff,MidpointIntegrator,0,42,0,0,0,9,0,2,0,2
Apache Commons Math,org.apache.commons.math3.ode.nonstiff,DormandPrince54Integrator,0,318,0,4,0,31,0,7,0,5
Apache Commons Math,org.apache.commons.math3.ode.nonstiff,AdamsIntegrator,0,48,0,0,0,12,0,5,0,5
Apache Commons Math,org.apache.commons.math3.ode.nonstiff,GraggBulirschStoerIntegrator,25,1985,22,212,8,347,22,109,0,13
Apache Commons Math,org.apache.commons.math3.ode.nonstiff,MidpointStepInterpolator,0,150,1,7,0,24,1,7,0,4
Apache Commons Math,org.apache.commons.math3.ode.nonstiff,AdamsBashforthIntegrator,39,378,3,31,5,76,3,17,0,3
Apache Commons Math,org.apache.commons.math3.ode.nonstiff,DormandPrince54StepInterpolator,0,454,1,15,0,66,1,13,0,6
Apache Commons Math,org.apache.commons.math3.ode.nonstiff,EulerStepInterpolator,0,100,1,7,0,14,1,7,0,4
Apache Commons Math,org.apache.commons.math3.ode.nonstiff,GillStepInterpolator,0,307,1,7,0,48,1,8,0,5
Apache Commons Math,org.apache.commons.math3.linear,RealLinearOperator,6,3,0,0,2,1,2,1,2,1
Apache Commons Math,org.apache.commons.math3.linear,FieldLUDecomposition.Solver,11,523,2,52,2,80,2,31,0,6
Apache Commons Math,org.apache.commons.math3.linear,DefaultIterativeLinearSolverEvent,11,49,3,1,2,17,3,6,1,6
Apache Commons Math,org.apache.commons.math3.linear,BlockRealMatrix,194,4078,14,264,36,737,11,182,1,53
Apache Commons Math,org.apache.commons.math3.linear,SymmLQ,56,198,2,8,13,56,7,10,5,7
Apache Commons Math,org.apache.commons.math3.linear,LUDecomposition.Solver,0,335,0,38,0,55,0,24,0,5
Apache Commons Math,org.apache.commons.math3.linear,RRQRDecomposition,1,210,2,18,1,46,2,15,0,7
Apache Commons Math,org.apache.commons.math3.linear,RRQRDecomposition.Solver,7,29,0,0,1,7,1,4,1,4
Apache Commons Math,org.apache.commons.math3.linear,DefaultFieldMatrixPreservingVisitor,1,10,0,0,1,5,1,3,1,3
Apache Commons Math,org.apache.commons.math3.linear,RectangularCholeskyDecomposition,26,300,2,26,2,54,2,16,0,4
Apache Commons Math,org.apache.commons.math3.linear,LUDecomposition,0,441,0,54,0,85,0,35,0,8
Apache Commons Math,org.apache.commons.math3.linear,SymmLQ.State,34,960,9,51,7,176,9,35,0,14
Apache Commons Math,org.apache.commons.math3.linear,Array2DRowRealMatrix,30,1007,7,89,5,193,7,72,0,31
Apache Commons Math,org.apache.commons.math3.linear,SingularValueDecomposition.new DefaultRealMatrixPreservingVisitor() {...},0,23,0,0,0,3,0,2,0,2
Apache Commons Math,org.apache.commons.math3.linear,EigenDecomposition.Solver,8,337,2,36,2,63,2,23,0,6
Apache Commons Math,org.apache.commons.math3.linear,SparseRealVector,0,3,0,0,0,1,0,1,0,1
Apache Commons Math,org.apache.commons.math3.linear,SparseFieldVector,317,912,36,76,71,203,38,71,12,41
Apache Commons Math,org.apache.commons.math3.linear,NonSymmetricMatrixException,9,30,0,0,3,5,3,1,3,1
Apache Commons Math,org.apache.commons.math3.linear,NonSquareOperatorException,0,6,0,0,0,2,0,1,0,1
Apache Commons Math,org.apache.commons.math3.linear,CholeskyDecomposition.Solver,9,284,0,28,2,46,2,17,2,3
Apache Commons Math,org.apache.commons.math3.linear,OpenMapRealVector.OpenMapEntry,10,18,0,0,2,5,1,3,1,3
Apache Commons Math,org.apache.commons.math3.linear,MatrixUtils.BigFractionMatrixConverter,0,26,0,0,0,7,0,4,0,4
Apache Commons Math,org.apache.commons.math3.linear,RealVector.Entry,0,29,0,0,0,9,0,5,0,5
Apache Commons Math,org.apache.commons.math3.linear,BiDiagonalTransformer,13,987,7,103,3,157,10,55,3,7
Apache Commons Math,org.apache.commons.math3.linear,DefaultRealMatrixChangingVisitor,2,6,0,0,1,3,1,3,1,3
Apache Commons Math,org.apache.commons.math3.linear,DiagonalMatrix,3,409,1,37,1,87,1,42,0,24
Apache Commons Math,org.apache.commons.math3.linear,SingularValueDecomposition,26,1972,13,171,4,280,14,92,1,12
Apache Commons Math,org.apache.commons.math3.linear,DefaultFieldMatrixChangingVisitor,2,10,0,0,1,5,1,3,1,3
Apache Commons Math,org.apache.commons.math3.linear,AbstractFieldMatrix.new DefaultFieldMatrixPreservingVisitor() {...},0,17,0,0,0,3,0,2,0,2
Apache Commons Math,org.apache.commons.math3.linear,AbstractFieldMatrix.new DefaultFieldMatrixPreservingVisitor() {...},0,31,0,0,0,6,0,3,0,3
Apache Commons Math,org.apache.commons.math3.linear,AbstractFieldMatrix.new DefaultFieldMatrixChangingVisitor() {...},0,25,0,0,0,2,0,2,0,2
Apache Commons Math,org.apache.commons.math3.linear,IllConditionedOperatorException,11,0,0,0,2,0,1,0,1,0
Apache Commons Math,org.apache.commons.math3.linear,SingularMatrixException,0,6,0,0,0,2,0,1,0,1
Apache Commons Math,org.apache.commons.math3.linear,CholeskyDecomposition,0,229,0,22,0,46,0,17,0,6
Apache Commons Math,org.apache.commons.math3.linear,SparseFieldMatrix,142,114,8,2,31,25,8,10,4,9
Apache Commons Math,org.apache.commons.math3.linear,AbstractRealMatrix.new DefaultRealMatrixPreservingVisitor() {...},0,16,0,0,0,3,0,2,0,2
Apache Commons Math,org.apache.commons.math3.linear,AbstractRealMatrix.new DefaultRealMatrixPreservingVisitor() {...},0,30,0,0,0,6,0,3,0,3
Apache Commons Math,org.apache.commons.math3.linear,AbstractRealMatrix.new DefaultRealMatrixChangingVisitor() {...},0,24,0,0,0,2,0,2,0,2
Apache Commons Math,org.apache.commons.math3.linear,SingularValueDecomposition.Solver,0,76,0,6,0,17,0,8,0,5
Apache Commons Math,org.apache.commons.math3.linear,AbstractRealMatrix.new RealMatrixPreservingVisitor() {...},0,23,0,0,0,6,0,4,0,4
Apache Commons Math,org.apache.commons.math3.linear,AbstractRealMatrix.new RealMatrixPreservingVisitor() {...},0,44,0,2,0,11,0,5,0,4
Apache Commons Math,org.apache.commons.math3.linear,EigenDecomposition,139,1953,18,146,25,298,18,85,4,17
Apache Commons Math,org.apache.commons.math3.linear,BlockFieldMatrix,507,3789,34,230,96,671,22,162,2,50
Apache Commons Math,org.apache.commons.math3.linear,OpenMapRealVector,94,1062,7,117,23,259,11,99,5,43
Apache Commons Math,org.apache.commons.math3.linear,QRDecomposition.Solver,0,506,0,44,0,84,0,27,0,5
Apache Commons Math,org.apache.commons.math3.linear,OpenMapRealMatrix,76,375,4,20,20,80,4,24,2,14
Apache Commons Math,org.apache.commons.math3.linear,Array2DRowFieldMatrix,117,993,9,83,24,180,13,67,5,29
Apache Commons Math,org.apache.commons.math3.linear,HessenbergTransformer,3,504,3,51,1,76,4,29,1,5
Apache Commons Math,org.apache.commons.math3.linear,RealVector.2.new Iterator() {...},4,31,0,0,1,5,1,3,1,3
Apache Commons Math,org.apache.commons.math3.linear,RealVector.2.new Iterator() {...},4,31,0,0,1,5,1,3,1,3
Apache Commons Math,org.apache.commons.math3.linear,RealVectorFormat,18,227,0,22,7,59,5,21,5,10
Apache Commons Math,org.apache.commons.math3.linear,NonPositiveDefiniteMatrixException,9,37,0,0,3,7,3,1,3,1
Apache Commons Math,org.apache.commons.math3.linear,JacobiPreconditioner,7,106,1,7,1,24,1,9,0,6
Apache Commons Math,org.apache.commons.math3.linear,NonSquareMatrixException,0,6,0,0,0,2,0,1,0,1
Apache Commons Math,org.apache.commons.math3.linear,JacobiPreconditioner.new RealLinearOperator() {...},8,20,0,0,2,4,2,2,2,2
Apache Commons Math,org.apache.commons.math3.linear,DefaultRealMatrixPreservingVisitor,1,6,0,0,1,3,1,3,1,3
Apache Commons Math,org.apache.commons.math3.linear,NonPositiveDefiniteOperatorException,0,6,0,0,0,2,0,1,0,1
Apache Commons Math,org.apache.commons.math3.linear,AbstractFieldMatrix,323,1941,39,203,62,385,34,149,6,56
Apache Commons Math,org.apache.commons.math3.linear,PreconditionedIterativeLinearSolver,14,87,0,6,4,21,2,9,2,6
Apache Commons Math,org.apache.commons.math3.linear,SchurTransformer,9,1368,7,83,2,187,7,48,0,10
Apache Commons Math,org.apache.commons.math3.linear,AbstractRealMatrix,209,1755,22,176,39,347,19,134,4,50
Apache Commons Math,org.apache.commons.math3.linear,MatrixDimensionMismatchException,0,44,0,0,0,8,0,5,0,5
Apache Commons Math,org.apache.commons.math3.linear,RealVector.2.UnmodifiableEntry,0,20,0,0,0,3,0,3,0,3
Apache Commons Math,org.apache.commons.math3.linear,RealMatrixFormat,29,372,3,41,11,98,10,30,7,11
Apache Commons Math,org.apache.commons.math3.linear,OpenMapRealVector.OpenMapSparseIterator,5,29,0,0,1,7,1,3,1,3
Apache Commons Math,org.apache.commons.math3.linear,NonSelfAdjointOperatorException,0,6,0,0,0,2,0,1,0,1
Apache Commons Math,org.apache.commons.math3.linear,RealVector,8,876,0,82,2,200,2,90,2,49
Apache Commons Math,org.apache.commons.math3.linear,SingularOperatorException,6,0,0,0,2,0,1,0,1,0
Apache Commons Math,org.apache.commons.math3.linear,IterativeLinearSolverEvent,6,5,0,0,2,2,2,1,2,1
Apache Commons Math,org.apache.commons.math3.linear,MatrixUtils,227,1092,42,116,50,235,36,80,2,35
Apache Commons Math,org.apache.commons.math3.linear,QRDecomposition,0,449,0,42,0,77,0,30,0,9
Apache Commons Math,org.apache.commons.math3.linear,RealVector.new Iterator() {...},0,53,0,4,0,9,0,6,0,4
Apache Commons Math,org.apache.commons.math3.linear,ArrayFieldVector,373,1569,18,96,68,284,20,110,6,67
Apache Commons Math,org.apache.commons.math3.linear,RealVector.new RealVector() {...},10,203,0,0,2,43,2,41,2,41
Apache Commons Math,org.apache.commons.math3.linear,FieldLUDecomposition,11,475,2,52,0,82,2,32,0,7
Apache Commons Math,org.apache.commons.math3.linear,ConjugateGradient,18,226,3,15,7,62,5,8,2,2
Apache Commons Math,org.apache.commons.math3.linear,TriDiagonalTransformer,3,568,0,46,1,88,1,30,1,7
Apache Commons Math,org.apache.commons.math3.linear,RealVector.SparseEntryIterator,9,84,2,12,3,19,3,9,1,4
Apache Commons Math,org.apache.commons.math3.linear,MatrixUtils.FractionMatrixConverter,0,26,0,0,0,7,0,4,0,4
Apache Commons Math,org.apache.commons.math3.linear,IterativeLinearSolver,34,58,0,6,10,17,3,6,3,3
Apache Commons Math,org.apache.commons.math3.linear,ArrayRealVector,56,1752,4,140,11,352,6,133,2,65
Apache Commons Math,org.apache.commons.math3.filter,DefaultMeasurementModel,11,15,0,0,2,6,1,3,1,3
Apache Commons Math,org.apache.commons.math3.filter,KalmanFilter,79,300,8,22,19,73,11,16,3,9
Apache Commons Math,org.apache.commons.math3.filter,DefaultProcessModel,40,33,0,0,10,12,2,6,2,6
Apache Commons Math,org.apache.commons.math3.stat.correlation,StorelessCovariance,56,162,7,15,9,27,7,16,3,9
Apache Commons Math,org.apache.commons.math3.stat.correlation,PearsonsCorrelation,15,386,3,27,2,76,3,25,0,13
Apache Commons Math,org.apache.commons.math3.stat.correlation,SpearmansCorrelation,13,289,5,27,3,59,6,22,1,11
Apache Commons Math,org.apache.commons.math3.stat.correlation,Covariance,41,226,4,12,6,48,5,17,1,13
Apache Commons Math,org.apache.commons.math3.stat.correlation,KendallsCorrelation.new Comparator() {...},0,26,0,2,0,3,0,3,0,2
Apache Commons Math,org.apache.commons.math3.stat.correlation,KendallsCorrelation,13,407,1,31,3,91,2,22,1,7
Apache Commons Math,org.apache.commons.math3.stat.correlation,StorelessBivariateCovariance,20,155,2,2,4,26,3,5,1,5
Apache Commons Math,org.apache.commons.math3.optimization.direct,SimplexOptimizer,10,144,1,17,3,35,2,14,1,6
Apache Commons Math,org.apache.commons.math3.optimization.direct,BaseAbstractMultivariateSimpleBoundsOptimizer,3,42,0,0,1,7,1,3,1,3
Apache Commons Math,org.apache.commons.math3.optimization.direct,CMAESOptimizer,257,2453,39,177,49,392,36,117,7,38
Apache Commons Math,org.apache.commons.math3.optimization.direct,CMAESOptimizer.Sigma,0,35,0,4,0,7,0,4,0,2
Apache Commons Math,org.apache.commons.math3.optimization.direct,NelderMeadSimplex,9,408,1,31,2,84,2,23,1,8
Apache Commons Math,org.apache.commons.math3.optimization.direct,PowellOptimizer.LineSearch,0,55,0,0,0,12,0,2,0,2
Apache Commons Math,org.apache.commons.math3.optimization.direct,CMAESOptimizer.FitnessFunction,43,136,7,13,9,28,5,11,1,5
Apache Commons Math,org.apache.commons.math3.optimization.direct,CMAESOptimizer.PopulationSize,6,11,1,1,1,5,1,2,0,2
Apache Commons Math,org.apache.commons.math3.optimization.direct,PowellOptimizer,21,386,3,29,3,87,3,20,0,7
Apache Commons Math,org.apache.commons.math3.optimization.direct,SimplexOptimizer.new Comparator() {...},0,30,0,2,0,4,0,3,0,2
Apache Commons Math,org.apache.commons.math3.optimization.direct,SimplexOptimizer.new MultivariateFunction() {...},0,11,0,0,0,2,0,2,0,2
Apache Commons Math,org.apache.commons.math3.optimization.direct,AbstractSimplex,98,379,13,41,14,77,14,27,1,13
Apache Commons Math,org.apache.commons.math3.optimization.direct,BOBYQAOptimizer.PathIsExploredException,11,0,0,0,2,0,1,0,1,0
Apache Commons Math,org.apache.commons.math3.optimization.direct,BOBYQAOptimizer,923,5969,105,519,159,1045,90,243,1,12
Apache Commons Math,org.apache.commons.math3.optimization.direct,PowellOptimizer.LineSearch.new UnivariateFunction() {...},0,49,0,2,0,6,0,3,0,2
Apache Commons Math,org.apache.commons.math3.optimization.direct,MultivariateFunctionMappingAdapter.UpperBoundMapper,0,20,0,0,0,5,0,3,0,3
Apache Commons Math,org.apache.commons.math3.optimization.direct,MultivariateFunctionMappingAdapter.LowerBoundMapper,0,18,0,0,0,5,0,3,0,3
Apache Commons Math,org.apache.commons.math3.optimization.direct,MultiDirectionalSimplex,7,173,0,8,2,44,1,13,1,9
Apache Commons Math,org.apache.commons.math3.optimization.direct,MultivariateFunctionPenaltyAdapter,29,159,3,17,3,27,3,9,0,2
Apache Commons Math,org.apache.commons.math3.optimization.direct,CMAESOptimizer.DoubleIndex,36,15,6,0,7,5,5,2,2,2
Apache Commons Math,org.apache.commons.math3.optimization.direct,BaseAbstractMultivariateOptimizer,20,293,5,33,3,60,6,29,1,15
Apache Commons Math,org.apache.commons.math3.optimization.direct,BaseAbstractMultivariateVectorOptimizer,95,157,11,11,21,40,13,17,7,12
Apache Commons Math,org.apache.commons.math3.optimization.direct,MultivariateFunctionMappingAdapter.LowerUpperBoundMapper,0,27,0,0,0,6,0,3,0,3
Apache Commons Math,org.apache.commons.math3.optimization.direct,MultivariateFunctionMappingAdapter.NoBoundsMapper,0,7,0,0,0,4,0,3,0,3
Apache Commons Math,org.apache.commons.math3.optimization.direct,MultivariateFunctionMappingAdapter,21,164,2,16,2,29,2,11,0,4
Apache Commons Math,org.apache.commons.math3.distribution,MixtureMultivariateRealDistribution,20,240,3,19,2,43,3,14,0,6
Apache Commons Math,org.apache.commons.math3.distribution,BetaDistribution,51,171,9,11,11,39,10,18,3,15
Apache Commons Math,org.apache.commons.math3.distribution,GammaDistribution,49,457,4,28,10,82,6,30,2,18
Apache Commons Math,org.apache.commons.math3.distribution,AbstractRealDistribution.new UnivariateFunction() {...},0,17,0,0,0,2,0,2,0,2
Apache Commons Math,org.apache.commons.math3.distribution,ZipfDistribution,2,235,0,22,1,54,1,25,1,14
Apache Commons Math,org.apache.commons.math3.distribution,TriangularDistribution,8,402,4,36,3,59,7,27,3,11
Apache Commons Math,org.apache.commons.math3.distribution,FDistribution,0,241,0,12,0,64,0,24,0,18
Apache Commons Math,org.apache.commons.math3.distribution,LogisticDistribution,24,122,3,7,5,24,5,14,2,12
Apache Commons Math,org.apache.commons.math3.distribution,EnumeratedDistribution,74,233,17,25,17,46,14,15,2,6
Apache Commons Math,org.apache.commons.math3.distribution,ChiSquaredDistribution,0,77,0,0,0,22,0,16,0,16
Apache Commons Math,org.apache.commons.math3.distribution,SaddlePointExpansion,17,367,1,15,3,80,1,11,0,4
Apache Commons Math,org.apache.commons.math3.distribution,UniformRealDistribution,15,158,0,14,5,32,3,20,3,13
Apache Commons Math,org.apache.commons.math3.distribution,NakagamiDistribution,16,154,2,4,2,27,2,16,0,15
Apache Commons Math,org.apache.commons.math3.distribution,ExponentialDistribution,11,252,0,24,4,64,3,28,3,16
Apache Commons Math,org.apache.commons.math3.distribution,HypergeometricDistribution,5,371,1,27,3,78,2,31,1,18
Apache Commons Math,org.apache.commons.math3.distribution,TDistribution,0,185,1,13,0,52,1,22,0,16
Apache Commons Math,org.apache.commons.math3.distribution,AbstractMultivariateRealDistribution,7,38,1,3,2,12,1,5,0,4
Apache Commons Math,org.apache.commons.math3.distribution,EnumeratedIntegerDistribution,0,259,0,24,0,38,0,22,0,10
Apache Commons Math,org.apache.commons.math3.distribution,PascalDistribution,19,161,3,9,4,42,4,14,1,11
Apache Commons Math,org.apache.commons.math3.distribution,GeometricDistribution,16,104,2,8,3,30,4,12,2,9
Apache Commons Math,org.apache.commons.math3.distribution,BinomialDistribution,19,147,3,21,4,34,4,20,1,11
Apache Commons Math,org.apache.commons.math3.distribution,CauchyDistribution,17,137,0,10,6,31,4,19,4,14
Apache Commons Math,org.apache.commons.math3.distribution,KolmogorovSmirnovDistribution,105,377,12,36,15,59,13,18,3,4
Apache Commons Math,org.apache.commons.math3.distribution,MixtureMultivariateNormalDistribution,5,48,0,2,2,11,1,4,1,3
Apache Commons Math,org.apache.commons.math3.distribution,GumbelDistribution,27,110,3,7,5,24,5,14,2,12
Apache Commons Math,org.apache.commons.math3.distribution,UniformIntegerDistribution,2,145,0,16,1,30,1,17,1,9
Apache Commons Math,org.apache.commons.math3.distribution,NormalDistribution,5,232,0,12,2,46,2,27,2,21
Apache Commons Math,org.apache.commons.math3.distribution,PoissonDistribution,19,495,4,40,8,102,7,32,3,14
Apache Commons Math,org.apache.commons.math3.distribution,ParetoDistribution,19,196,1,13,5,39,3,24,2,18
Apache Commons Math,org.apache.commons.math3.distribution,LogNormalDistribution,7,283,2,16,2,58,3,28,1,21
Apache Commons Math,org.apache.commons.math3.distribution,AbstractIntegerDistribution,38,243,9,35,9,56,9,23,1,9
Apache Commons Math,org.apache.commons.math3.distribution,LevyDistribution,18,131,3,7,7,26,6,14,3,12
Apache Commons Math,org.apache.commons.math3.distribution,LaplaceDistribution,22,134,3,11,5,24,5,16,2,12
Apache Commons Math,org.apache.commons.math3.distribution,AbstractRealDistribution,23,272,5,39,6,66,7,26,2,9
Apache Commons Math,org.apache.commons.math3.distribution,MultivariateNormalDistribution,60,257,6,22,10,49,6,16,1,7
Apache Commons Math,org.apache.commons.math3.distribution,WeibullDistribution,19,273,4,18,8,63,7,24,3,17
Apache Commons Math,org.apache.commons.math3.distribution,EnumeratedRealDistribution,10,319,3,31,1,52,3,28,0,14
Apache Commons Math,org.apache.commons.math3.distribution,ConstantRealDistribution,2,67,0,8,1,16,1,16,1,12
Apache Commons Math,org.apache.commons.math3.special,Beta,47,805,5,83,7,150,8,47,3,8
Apache Commons Math,org.apache.commons.math3.special,Gamma.new ContinuedFraction() {...},0,27,0,0,0,3,0,3,0,3
Apache Commons Math,org.apache.commons.math3.special,Gamma,26,993,7,83,6,181,7,50,0,12
Apache Commons Math,org.apache.commons.math3.special,Beta.new ContinuedFraction() {...},0,87,0,2,0,11,0,4,0,3
Apache Commons Math,org.apache.commons.math3.special,Erf,0,505,0,28,0,88,0,19,0,5
Apache Commons Math,org.apache.commons.math3.special,BesselJ,68,1298,19,113,13,256,20,51,2,3
Apache Commons Math,org.apache.commons.math3.special,BesselJ.BesselJResult,10,12,0,0,2,4,2,1,2,1
Apache Commons Math,org.apache.commons.math3.stat.clustering,EuclideanDoublePoint,6,85,1,7,2,15,2,9,1,6
Apache Commons Math,org.apache.commons.math3.stat.clustering,EuclideanIntegerPoint,6,84,1,7,2,15,2,9,1,6
Apache Commons Math,org.apache.commons.math3.stat.clustering,Cluster,0,23,0,0,0,8,0,4,0,4
Apache Commons Math,org.apache.commons.math3.stat.clustering,DBSCANClusterer.PointStatus,0,24,0,0,0,5,0,1,0,1
Apache Commons Math,org.apache.commons.math3.stat.clustering,KMeansPlusPlusClusterer.EmptyClusterStrategy,0,44,0,0,0,9,0,1,0,1
Apache Commons Math,org.apache.commons.math3.stat.clustering,KMeansPlusPlusClusterer,45,618,14,78,8,149,12,45,0,10
Apache Commons Math,org.apache.commons.math3.stat.clustering,DBSCANClusterer,0,210,0,28,0,49,0,21,0,7
Apache Commons Math,org.apache.commons.math3.stat.inference,AlternativeHypothesis,0,34,0,0,0,7,0,1,0,1
Apache Commons Math,org.apache.commons.math3.stat.inference,TestUtils,62,226,0,0,11,44,11,40,11,40
Apache Commons Math,org.apache.commons.math3.stat.inference,WilcoxonSignedRankTest,18,290,2,34,5,58,3,24,1,8
Apache Commons Math,org.apache.commons.math3.stat.inference,ChiSquareTest,26,572,8,56,4,106,8,35,0,11
Apache Commons Math,org.apache.commons.math3.stat.inference,GTest,14,552,6,50,2,89,6,33,0,11
Apache Commons Math,org.apache.commons.math3.stat.inference,OneWayAnova.AnovaStats,0,12,0,0,0,5,0,1,0,1
Apache Commons Math,org.apache.commons.math3.stat.inference,MannWhitneyUTest,10,184,0,10,3,34,1,11,1,6
Apache Commons Math,org.apache.commons.math3.stat.inference,OneWayAnova,11,267,2,18,3,52,2,15,0,7
Apache Commons Math,org.apache.commons.math3.stat.inference,KolmogorovSmirnovTest,553,1206,70,96,90,217,56,50,7,16
Apache Commons Math,org.apache.commons.math3.stat.inference,TTest,23,584,1,23,5,110,2,41,1,30
Apache Commons Math,org.apache.commons.math3.stat.inference,BinomialTest,48,123,7,19,8,30,7,10,0,3
Apache Commons Math,org.apache.commons.math3.fitting,HarmonicCurveFitter.ParameterGuesser,4,478,2,28,1,96,2,18,0,5
Apache Commons Math,org.apache.commons.math3.fitting,GaussianFitter.new Gaussian.Parametric() {...},1,40,0,0,0,11,0,3,0,3
Apache Commons Math,org.apache.commons.math3.fitting,PolynomialCurveFitter,11,99,1,3,3,27,2,6,1,5
Apache Commons Math,org.apache.commons.math3.fitting,AbstractCurveFitter.TheoreticalValuesFunction.new MultivariateVectorFunction() {...},0,36,0,2,0,6,0,3,0,2
Apache Commons Math,org.apache.commons.math3.fitting,AbstractCurveFitter.TheoreticalValuesFunction.new MultivariateMatrixFunction() {...},0,36,0,2,0,6,0,3,0,2
Apache Commons Math,org.apache.commons.math3.fitting,WeightedObservedPoint,0,21,0,0,0,8,0,4,0,4
Apache Commons Math,org.apache.commons.math3.fitting,GaussianFitter.ParameterGuesser.new Comparator() {...},44,26,15,5,13,7,10,2,0,2
Apache Commons Math,org.apache.commons.math3.fitting,HarmonicFitter.ParameterGuesser,4,464,2,28,1,94,2,18,0,5
Apache Commons Math,org.apache.commons.math3.fitting,SimpleCurveFitter,20,84,0,2,6,25,2,4,2,3
Apache Commons Math,org.apache.commons.math3.fitting,GaussianCurveFitter.ParameterGuesser.new Comparator() {...},44,26,15,5,13,7,10,2,0,2
Apache Commons Math,org.apache.commons.math3.fitting,GaussianFitter,0,25,0,0,0,6,0,3,0,3
Apache Commons Math,org.apache.commons.math3.fitting,AbstractCurveFitter.TheoreticalValuesFunction,0,43,0,2,0,10,0,4,0,3
Apache Commons Math,org.apache.commons.math3.fitting,AbstractCurveFitter,0,16,0,0,0,3,0,3,0,3
Apache Commons Math,org.apache.commons.math3.fitting,CurveFitter.TheoreticalValuesFunction,0,25,0,0,0,5,0,3,0,3
Apache Commons Math,org.apache.commons.math3.fitting,GaussianCurveFitter,0,111,0,4,0,32,0,8,0,6
Apache Commons Math,org.apache.commons.math3.fitting,PolynomialFitter,8,11,0,0,1,3,1,2,1,2
Apache Commons Math,org.apache.commons.math3.fitting,HarmonicFitter,0,20,0,0,0,4,0,3,0,3
Apache Commons Math,org.apache.commons.math3.fitting,CurveFitter.TheoreticalValuesFunction.new MultivariateMatrixFunction() {...},0,42,0,2,0,6,0,3,0,2
Apache Commons Math,org.apache.commons.math3.fitting,CurveFitter.TheoreticalValuesFunction.new MultivariateVectorFunction() {...},0,42,0,2,0,6,0,3,0,2
Apache Commons Math,org.apache.commons.math3.fitting,GaussianCurveFitter.new Gaussian.Parametric() {...},0,38,0,0,0,11,0,3,0,3
Apache Commons Math,org.apache.commons.math3.fitting,GaussianFitter.ParameterGuesser,21,319,6,28,5,56,6,19,0,8
Apache Commons Math,org.apache.commons.math3.fitting,WeightedObservedPoints,0,41,0,0,0,12,0,6,0,6
Apache Commons Math,org.apache.commons.math3.fitting,HarmonicCurveFitter,7,104,0,4,2,30,1,7,1,5
Apache Commons Math,org.apache.commons.math3.fitting,GaussianCurveFitter.ParameterGuesser,21,324,6,28,5,55,6,19,0,8
Apache Commons Math,org.apache.commons.math3.fitting,CurveFitter,6,135,0,2,2,28,1,8,1,7
Apache Commons Math,org.apache.commons.math3.optimization,Target,0,13,0,0,0,4,0,2,0,2
Apache Commons Math,org.apache.commons.math3.optimization,PointValuePair,4,45,2,4,0,11,2,6,0,5
Apache Commons Math,org.apache.commons.math3.optimization,MultivariateMultiStartOptimizer,0,6,0,0,0,2,0,1,0,1
Apache Commons Math,org.apache.commons.math3.optimization,PointValuePair.DataTransferObject,0,20,0,0,0,5,0,2,0,2
Apache Commons Math,org.apache.commons.math3.optimization,SimpleValueChecker,6,71,1,9,3,16,2,7,1,3
Apache Commons Math,org.apache.commons.math3.optimization,SimplePointChecker,6,85,2,10,3,21,3,7,1,3
Apache Commons Math,org.apache.commons.math3.optimization,LeastSquaresConverter,25,175,3,15,3,36,3,10,0,4
Apache Commons Math,org.apache.commons.math3.optimization,BaseMultivariateVectorMultiStartOptimizer,21,125,3,11,4,31,4,10,1,6
Apache Commons Math,org.apache.commons.math3.optimization,SimpleVectorValueChecker,6,83,0,12,3,21,1,9,1,3
Apache Commons Math,org.apache.commons.math3.optimization,DifferentiableMultivariateMultiStartOptimizer,6,0,0,0,2,0,1,0,1,0
Apache Commons Math,org.apache.commons.math3.optimization,BaseMultivariateMultiStartOptimizer,31,105,5,9,7,26,6,8,1,6
Apache Commons Math,org.apache.commons.math3.optimization,AbstractConvergenceChecker,9,24,0,0,4,8,1,4,1,4
Apache Commons Math,org.apache.commons.math3.optimization,Weight,20,13,2,0,6,4,2,2,1,2
Apache Commons Math,org.apache.commons.math3.optimization,PointVectorValuePair.DataTransferObject,0,22,0,0,0,5,0,2,0,2
Apache Commons Math,org.apache.commons.math3.optimization,MultivariateDifferentiableVectorMultiStartOptimizer,0,6,0,0,0,2,0,1,0,1
Apache Commons Math,org.apache.commons.math3.optimization,BaseMultivariateVectorMultiStartOptimizer.new Comparator() {...},3,64,2,6,1,11,2,5,0,3
Apache Commons Math,org.apache.commons.math3.optimization,BaseMultivariateMultiStartOptimizer.new Comparator() {...},11,32,5,3,2,7,4,2,0,2
Apache Commons Math,org.apache.commons.math3.optimization,MultivariateDifferentiableMultiStartOptimizer,0,6,0,0,0,2,0,1,0,1
Apache Commons Math,org.apache.commons.math3.optimization,InitialGuess,0,13,0,0,0,4,0,2,0,2
Apache Commons Math,org.apache.commons.math3.optimization,SimpleBounds,0,23,0,0,0,6,0,3,0,3
Apache Commons Math,org.apache.commons.math3.optimization,GoalType,0,24,0,0,0,5,0,1,0,1
Apache Commons Math,org.apache.commons.math3.optimization,DifferentiableMultivariateVectorMultiStartOptimizer,6,0,0,0,2,0,1,0,1,0
Apache Commons Math,org.apache.commons.math3.optimization,PointVectorValuePair,6,66,3,9,0,18,3,10,0,7
Apache Commons Math,org.apache.commons.math3.stat.ranking,NaturalRanking,40,514,2,54,13,122,5,44,3,14
Apache Commons Math,org.apache.commons.math3.stat.ranking,NaNStrategy,0,54,0,0,0,11,0,1,0,1
Apache Commons Math,org.apache.commons.math3.stat.ranking,TiesStrategy,0,54,0,0,0,11,0,1,0,1
Apache Commons Math,org.apache.commons.math3.stat.ranking,NaturalRanking.IntDoublePair,0,21,0,0,0,7,0,4,0,4
Apache Commons Math,org.apache.commons.math3.stat.descriptive.summary,SumOfSquares,6,95,1,3,3,27,2,9,1,8
Apache Commons Math,org.apache.commons.math3.stat.descriptive.summary,Product,6,130,2,6,3,34,3,12,1,10
Apache Commons Math,org.apache.commons.math3.stat.descriptive.summary,SumOfLogs,6,92,1,3,3,27,2,9,1,8
Apache Commons Math,org.apache.commons.math3.stat.descriptive.summary,Sum,14,122,2,6,4,33,4,11,2,9
Apache Commons Math,org.apache.commons.math3.ml.neuralnet.twod,NeuronSquareMesh2D,60,715,8,111,8,128,11,58,3,6
Apache Commons Math,org.apache.commons.math3.ml.neuralnet.twod,NeuronSquareMesh2D.SerializationProxy,0,27,0,0,0,10,0,2,0,2
Apache Commons Math,org.apache.commons.math3.analysis.polynomials,PolynomialFunctionNewtonForm,37,258,3,15,7,45,5,14,2,8
Apache Commons Math,org.apache.commons.math3.analysis.polynomials,PolynomialFunctionLagrangeForm,82,450,3,31,15,74,5,22,3,7
Apache Commons Math,org.apache.commons.math3.analysis.polynomials,PolynomialsUtils.JacobiKey,4,37,4,4,1,8,4,3,0,3
Apache Commons Math,org.apache.commons.math3.analysis.polynomials,PolynomialSplineFunction,69,221,11,19,10,39,8,16,1,8
Apache Commons Math,org.apache.commons.math3.analysis.polynomials,PolynomialsUtils,0,442,0,20,0,76,0,19,0,9
Apache Commons Math,org.apache.commons.math3.analysis.polynomials,PolynomialFunction,122,470,15,47,26,91,14,34,3,14
Apache Commons Math,org.apache.commons.math3.analysis.polynomials,PolynomialsUtils.new PolynomialsUtils.RecurrenceCoefficientsGenerator() {...},0,22,0,0,0,3,0,2,0,2
Apache Commons Math,org.apache.commons.math3.analysis.polynomials,PolynomialsUtils.new PolynomialsUtils.RecurrenceCoefficientsGenerator() {...},0,38,0,0,0,6,0,2,0,2
Apache Commons Math,org.apache.commons.math3.analysis.polynomials,PolynomialsUtils.new PolynomialsUtils.RecurrenceCoefficientsGenerator() {...},0,23,0,0,0,5,0,2,0,2
Apache Commons Math,org.apache.commons.math3.analysis.polynomials,PolynomialsUtils.new PolynomialsUtils.RecurrenceCoefficientsGenerator() {...},0,97,0,0,0,11,0,2,0,2
Apache Commons Math,org.apache.commons.math3.analysis.polynomials,PolynomialsUtils.new PolynomialsUtils.RecurrenceCoefficientsGenerator() {...},0,32,0,0,0,6,0,2,0,2
Apache Commons Math,org.apache.commons.math3.analysis.polynomials,PolynomialFunction.Parametric,0,31,0,2,0,8,0,4,0,3
Apache Commons Math,org.apache.commons.math3.geometry.euclidean.twod.hull,AklToussaintHeuristic,4,219,3,41,2,42,3,22,0,3
Apache Commons Math,org.apache.commons.math3.geometry.euclidean.twod.hull,MonotoneChain,8,238,4,28,2,48,5,16,1,4
Apache Commons Math,org.apache.commons.math3.geometry.euclidean.twod.hull,ConvexHull2D,4,279,2,28,1,56,2,19,0,6
Apache Commons Math,org.apache.commons.math3.geometry.euclidean.twod.hull,MonotoneChain.new Comparator() {...},0,28,0,2,0,6,0,3,0,2
Apache Commons Math,org.apache.commons.math3.geometry.euclidean.twod.hull,AbstractConvexHullGenerator2D,0,52,0,2,0,18,0,6,0,5
Apache Commons Math,org.apache.commons.math3.fraction,BigFractionFormat,33,209,2,19,8,56,7,18,5,9
Apache Commons Math,org.apache.commons.math3.fraction,FractionField,0,10,0,0,0,5,0,5,0,5
Apache Commons Math,org.apache.commons.math3.fraction,FractionField.LazyHolder,0,6,0,0,0,1,0,1,0,1
Apache Commons Math,org.apache.commons.math3.fraction,FractionConversionException,0,37,0,0,0,4,0,2,0,2
Apache Commons Math,org.apache.commons.math3.fraction,BigFractionField,0,10,0,0,0,5,0,5,0,5
Apache Commons Math,org.apache.commons.math3.fraction,FractionFormat,25,172,1,12,8,45,7,14,6,8
Apache Commons Math,org.apache.commons.math3.fraction,ProperBigFractionFormat,29,199,4,23,9,58,5,16,1,6
Apache Commons Math,org.apache.commons.math3.fraction,BigFraction,74,1114,10,92,15,236,11,95,3,52
Apache Commons Math,org.apache.commons.math3.fraction,AbstractFormat,21,102,3,9,5,34,5,14,2,11
Apache Commons Math,org.apache.commons.math3.fraction,ProperFractionFormat,31,191,4,15,9,54,5,12,1,6
Apache Commons Math,org.apache.commons.math3.fraction,BigFractionField.LazyHolder,0,6,0,0,0,1,0,1,0,1
Apache Commons Math,org.apache.commons.math3.fraction,Fraction,26,901,8,90,6,188,8,73,0,32
Apache Commons Math,org.apache.commons.math3.ml.neuralnet.sofm,LearningFactorFunctionFactory,0,50,0,8,0,8,0,6,0,2
Apache Commons Math,org.apache.commons.math3.ml.neuralnet.sofm,KohonenUpdateAction,4,159,1,9,1,46,2,9,1,5
Apache Commons Math,org.apache.commons.math3.ml.neuralnet.sofm,LearningFactorFunctionFactory.new LearningFactorFunction() {...},0,16,0,0,0,4,0,2,0,2
Apache Commons Math,org.apache.commons.math3.ml.neuralnet.sofm,LearningFactorFunctionFactory.new LearningFactorFunction() {...},0,16,0,0,0,4,0,2,0,2
Apache Commons Math,org.apache.commons.math3.ml.neuralnet.sofm,NeighbourhoodSizeFunctionFactory.new NeighbourhoodSizeFunction() {...},0,18,0,0,0,4,0,2,0,2
Apache Commons Math,org.apache.commons.math3.ml.neuralnet.sofm,NeighbourhoodSizeFunctionFactory.new NeighbourhoodSizeFunction() {...},0,18,0,0,0,4,0,2,0,2
Apache Commons Math,org.apache.commons.math3.ml.neuralnet.sofm,NeighbourhoodSizeFunctionFactory,0,14,0,0,0,2,0,2,0,2
Apache Commons Math,org.apache.commons.math3.ml.neuralnet.sofm,KohonenTrainingTask,0,27,0,2,0,8,0,3,0,2
Apache Commons Math,org.apache.commons.math3.genetics,OrderedCrossover,0,171,0,14,0,37,0,10,0,3
Apache Commons Math,org.apache.commons.math3.genetics,ChromosomePair,15,15,0,0,1,6,1,3,1,3
Apache Commons Math,org.apache.commons.math3.genetics,FixedElapsedTime,14,35,1,5,3,8,2,4,1,2
Apache Commons Math,org.apache.commons.math3.genetics,InvalidRepresentationException,0,5,0,0,0,2,0,1,0,1
Apache Commons Math,org.apache.commons.math3.genetics,RandomKey,32,305,3,29,4,62,4,24,1,11
Apache Commons Math,org.apache.commons.math3.genetics,TournamentSelection,26,62,1,3,5,13,3,4,2,3
Apache Commons Math,org.apache.commons.math3.genetics,BinaryMutation,7,41,1,3,1,8,1,3,0,2
Apache Commons Math,org.apache.commons.math3.genetics,BinaryChromosome,2,96,1,15,1,21,1,12,0,5
Apache Commons Math,org.apache.commons.math3.genetics,Chromosome,2,54,1,7,1,14,2,8,1,5
Apache Commons Math,org.apache.commons.math3.genetics,RandomKeyMutation,13,33,1,1,2,8,1,2,0,2
Apache Commons Math,org.apache.commons.math3.genetics,ElitisticListPopulation,0,87,0,6,0,20,0,8,0,5
Apache Commons Math,org.apache.commons.math3.genetics,OnePointCrossover,14,95,3,7,2,18,3,5,0,3
Apache Commons Math,org.apache.commons.math3.genetics,TournamentSelection.new ListPopulation() {...},2,7,0,0,1,1,1,1,1,1
Apache Commons Math,org.apache.commons.math3.genetics,CycleCrossover,5,195,1,21,2,40,2,14,1,4
Apache Commons Math,org.apache.commons.math3.genetics,ListPopulation,36,178,5,17,9,40,4,20,1,12
Apache Commons Math,org.apache.commons.math3.genetics,NPointCrossover,9,160,1,15,2,35,2,10,1,3
Apache Commons Math,org.apache.commons.math3.genetics,FixedGenerationCount,12,26,1,3,2,9,2,3,1,2
Apache Commons Math,org.apache.commons.math3.genetics,AbstractListChromosome,1,49,1,1,0,12,1,6,0,6
Apache Commons Math,org.apache.commons.math3.genetics,GeneticAlgorithm,25,149,6,12,6,38,7,14,1,11
Apache Commons Math,org.apache.commons.math3.genetics,UniformCrossover,3,125,0,14,1,25,1,10,1,3
Apache Commons Math,org.apache.commons.math3.stat,Frequency,32,554,9,47,11,137,8,57,1,36
Apache Commons Math,org.apache.commons.math3.stat,Frequency.NaturalComparator,0,4,0,0,0,1,0,1,0,1
Apache Commons Math,org.apache.commons.math3.stat,StatUtils,52,411,7,23,10,79,7,42,3,31
Apache Commons Math,org.apache.commons.math3.ml.neuralnet,Neuron.SerializationProxy,0,17,0,0,0,6,0,2,0,2
Apache Commons Math,org.apache.commons.math3.ml.neuralnet,Neuron,20,95,2,10,3,22,3,11,1,7
Apache Commons Math,org.apache.commons.math3.ml.neuralnet,FeatureInitializerFactory.new FeatureInitializer() {...},0,17,0,0,0,2,0,2,0,2
Apache Commons Math,org.apache.commons.math3.ml.neuralnet,FeatureInitializerFactory.new FeatureInitializer() {...},0,27,0,0,0,5,0,2,0,2
Apache Commons Math,org.apache.commons.math3.ml.neuralnet,Network,53,488,9,35,10,96,11,30,2,17
Apache Commons Math,org.apache.commons.math3.ml.neuralnet,Network.SerializationProxy,0,27,0,0,0,10,0,2,0,2
Apache Commons Math,org.apache.commons.math3.ml.neuralnet,SquareNeighbourhood,0,24,0,0,0,5,0,1,0,1
Apache Commons Math,org.apache.commons.math3.ml.neuralnet,MapUtils,335,31,32,4,69,8,21,3,5,1
Apache Commons Math,org.apache.commons.math3.ml.neuralnet,FeatureInitializerFactory,15,27,0,0,2,4,1,3,1,3
Apache Commons Math,org.apache.commons.math3.ml.neuralnet,Network.NeuronIdentifierComparator,3,20,2,2,0,5,2,2,0,2
Apache Commons Math,org.apache.commons.math3.stat.interval,NormalApproximationInterval,0,52,0,0,0,8,0,2,0,2
Apache Commons Math,org.apache.commons.math3.stat.interval,IntervalUtils,0,92,0,10,0,19,0,11,0,6
Apache Commons Math,org.apache.commons.math3.stat.interval,ClopperPearsonInterval,0,106,2,2,0,18,2,2,0,2
Apache Commons Math,org.apache.commons.math3.stat.interval,WilsonScoreInterval,0,99,0,0,0,15,0,2,0,2
Apache Commons Math,org.apache.commons.math3.stat.interval,ConfidenceInterval,60,39,3,3,3,12,4,5,1,5
Apache Commons Math,org.apache.commons.math3.stat.interval,AgrestiCoullInterval,0,67,0,0,0,13,0,2,0,2
Apache Commons Math,org.apache.commons.math3.geometry.euclidean.threed,PolyhedronsSet.TranslationTransform,0,59,0,2,0,15,0,5,0,4
Apache Commons Math,org.apache.commons.math3.geometry.euclidean.threed,SphericalCoordinates.DataTransferObject,0,25,0,0,0,6,0,2,0,2
Apache Commons Math,org.apache.commons.math3.geometry.euclidean.threed,RotationOrder,0,124,0,0,0,34,0,6,0,6
Apache Commons Math,org.apache.commons.math3.geometry.euclidean.threed,FieldRotation,0,5436,3,105,0,442,3,88,0,37
Apache Commons Math,org.apache.commons.math3.geometry.euclidean.threed,OutlineExtractor,192,0,14,0,35,0,10,0,3,0
Apache Commons Math,org.apache.commons.math3.geometry.euclidean.threed,Vector3DFormat,15,93,1,3,5,19,2,9,1,8
Apache Commons Math,org.apache.commons.math3.geometry.euclidean.threed,PolyhedronsSet.FacetsContributionVisitor,9,94,2,6,3,24,2,7,0,5
Apache Commons Math,org.apache.commons.math3.geometry.euclidean.threed,Line,27,271,4,12,7,46,8,21,4,17
Apache Commons Math,org.apache.commons.math3.geometry.euclidean.threed,SubLine,6,154,0,14,2,28,1,13,1,6
Apache Commons Math,org.apache.commons.math3.geometry.euclidean.threed,Rotation,0,3182,3,105,0,388,3,76,0,25
Apache Commons Math,org.apache.commons.math3.geometry.euclidean.threed,Segment,0,21,0,0,0,8,0,4,0,4
Apache Commons Math,org.apache.commons.math3.geometry.euclidean.threed,PolyhedronsSet.RotationTransform,0,124,0,2,0,23,0,5,0,4
Apache Commons Math,org.apache.commons.math3.geometry.euclidean.threed,SphereGenerator,0,660,0,8,0,64,0,7,0,3
Apache Commons Math,org.apache.commons.math3.geometry.euclidean.threed,PolyhedronsSet,57,921,16,78,18,130,18,49,4,16
Apache Commons Math,org.apache.commons.math3.geometry.euclidean.threed,SubPlane,0,248,2,16,0,51,2,11,0,4
Apache Commons Math,org.apache.commons.math3.geometry.euclidean.threed,Vector3D,0,984,0,46,0,145,0,71,0,48
Apache Commons Math,org.apache.commons.math3.geometry.euclidean.threed,Euclidean3D,0,8,0,0,0,4,0,4,0,4
Apache Commons Math,org.apache.commons.math3.geometry.euclidean.threed,NotARotationMatrixException,0,5,0,0,0,2,0,1,0,1
Apache Commons Math,org.apache.commons.math3.geometry.euclidean.threed,Plane,106,580,3,19,26,96,11,37,8,29
Apache Commons Math,org.apache.commons.math3.geometry.euclidean.threed,CardanEulerSingularityException,0,10,0,2,0,2,0,2,0,1
Apache Commons Math,org.apache.commons.math3.geometry.euclidean.threed,OutlineExtractor.BoundaryProjector,329,0,34,0,67,0,23,0,6,0
Apache Commons Math,org.apache.commons.math3.geometry.euclidean.threed,SphericalCoordinates,0,1484,2,2,0,122,2,11,0,11
Apache Commons Math,org.apache.commons.math3.geometry.euclidean.threed,FieldVector3D,0,2047,0,72,0,259,0,118,0,82
Apache Commons Math,org.apache.commons.math3.geometry.euclidean.threed,Euclidean3D.LazyHolder,0,6,0,0,0,1,0,1,0,1
Apache Commons Math,org.apache.commons.math3.primes,SmallPrimes,12,2252,4,30,4,78,4,18,0,5
Apache Commons Math,org.apache.commons.math3.primes,Primes,0,121,0,26,0,30,0,16,0,3
Apache Commons Math,org.apache.commons.math3.primes,PollardRho,215,0,22,0,60,0,14,0,3,0
Apache Commons Math,org.apache.commons.math3.geometry.partitioning.utilities,AVLTree.Node,0,736,3,107,0,201,3,71,0,15
Apache Commons Math,org.apache.commons.math3.geometry.partitioning.utilities,AVLTree.Skew,0,34,0,0,0,7,0,1,0,1
Apache Commons Math,org.apache.commons.math3.geometry.partitioning.utilities,AVLTree,20,137,9,27,4,41,9,18,1,8
Apache Commons Math,org.apache.commons.math3.geometry.partitioning.utilities,OrderedTuple,589,0,94,0,128,0,59,0,12,0
Apache Commons Math,org.apache.commons.math3.exception,OutOfRangeException,0,34,0,0,0,8,0,4,0,4
Apache Commons Math,org.apache.commons.math3.exception,DimensionMismatchException,0,25,0,0,0,6,0,3,0,3
Apache Commons Math,org.apache.commons.math3.exception,MaxCountExceededException,0,30,0,0,0,7,0,3,0,3
Apache Commons Math,org.apache.commons.math3.exception,NoBracketingException,12,52,0,0,4,8,4,2,4,2
Apache Commons Math,org.apache.commons.math3.exception,MathUnsupportedOperationException,11,20,0,0,3,6,3,2,3,2
Apache Commons Math,org.apache.commons.math3.exception,MathArithmeticException,4,36,0,0,1,10,1,4,1,4
Apache Commons Math,org.apache.commons.math3.exception,NotStrictlyPositiveException,0,13,0,0,0,4,0,2,0,2
Apache Commons Math,org.apache.commons.math3.exception,MathParseException,18,23,0,0,4,4,1,1,1,1
Apache Commons Math,org.apache.commons.math3.exception,MathRuntimeException,25,0,0,0,7,0,4,0,4,0
Apache Commons Math,org.apache.commons.math3.exception,NullArgumentException,0,11,0,0,0,4,0,2,0,2
Apache Commons Math,org.apache.commons.math3.exception,NotPositiveException,0,13,0,0,0,4,0,2,0,2
Apache Commons Math,org.apache.commons.math3.exception,TooManyEvaluationsException,0,10,0,0,0,3,0,1,0,1
Apache Commons Math,org.apache.commons.math3.exception,ZeroException,0,12,0,0,0,4,0,2,0,2
Apache Commons Math,org.apache.commons.math3.exception,NumberIsTooLargeException,0,34,0,2,0,11,0,5,0,4
Apache Commons Math,org.apache.commons.math3.exception,MultiDimensionMismatchException,16,36,0,0,4,6,3,3,3,3
Apache Commons Math,org.apache.commons.math3.exception,MathIllegalArgumentException,4,21,0,0,1,6,1,3,1,3
Apache Commons Math,org.apache.commons.math3.exception,NonMonotonicSequenceException,0,68,0,6,0,19,0,9,0,6
Apache Commons Math,org.apache.commons.math3.exception,NoDataException,0,10,0,0,0,4,0,2,0,2
Apache Commons Math,org.apache.commons.math3.exception,TooManyIterationsException,0,10,0,0,0,3,0,1,0,1
Apache Commons Math,org.apache.commons.math3.exception,ConvergenceException,0,14,0,0,0,5,0,2,0,2
Apache Commons Math,org.apache.commons.math3.exception,NotFiniteNumberException,0,12,0,0,0,4,0,2,0,2
Apache Commons Math,org.apache.commons.math3.exception,MathInternalError,29,0,0,0,7,0,3,0,3,0
Apache Commons Math,org.apache.commons.math3.exception,MathIllegalStateException,19,27,0,0,5,8,2,4,2,4
Apache Commons Math,org.apache.commons.math3.exception,NumberIsTooSmallException,0,34,0,2,0,11,0,5,0,4
Apache Commons Math,org.apache.commons.math3.exception,NotANumberException,0,8,0,0,0,2,0,1,0,1
Apache Commons Math,org.apache.commons.math3.exception,InsufficientDataException,0,11,0,0,0,4,0,2,0,2
Apache Commons Math,org.apache.commons.math3.exception,MathIllegalNumberException,0,24,0,0,0,6,0,3,0,3
Apache Commons Math,org.apache.commons.math3.optim.nonlinear.vector.jacobian,LevenbergMarquardtOptimizer,80,2081,19,187,14,371,18,97,0,12
Apache Commons Math,org.apache.commons.math3.optim.nonlinear.vector.jacobian,AbstractLeastSquaresOptimizer,8,200,2,12,2,42,2,18,0,13
Apache Commons Math,org.apache.commons.math3.optim.nonlinear.vector.jacobian,GaussNewtonOptimizer,8,249,3,23,2,57,3,14,0,4
Apache Commons Math,org.apache.commons.math3.distribution.fitting,MultivariateNormalMixtureExpectationMaximization.DataRow,21,47,4,2,6,9,4,4,2,3
Apache Commons Math,org.apache.commons.math3.distribution.fitting,MultivariateNormalMixtureExpectationMaximization,26,634,3,51,3,112,3,30,0,6
Apache Commons Math,org.apache.commons.math3.geometry.spherical.twod,SubCircle,0,123,0,12,0,22,0,10,0,4
Apache Commons Math,org.apache.commons.math3.geometry.spherical.twod,Edge,35,236,1,11,6,55,1,14,0,9
Apache Commons Math,org.apache.commons.math3.geometry.spherical.twod,Sphere2D,2,6,0,0,1,3,1,3,1,3
Apache Commons Math,org.apache.commons.math3.geometry.spherical.twod,S2Point,4,220,4,16,1,43,4,21,0,15
Apache Commons Math,org.apache.commons.math3.geometry.spherical.twod,Circle,6,218,0,2,1,43,1,24,1,23
Apache Commons Math,org.apache.commons.math3.geometry.spherical.twod,Sphere2D.LazyHolder,0,6,0,0,0,1,0,1,0,1
[...]
Apache Commons Math,org.apache.commons.math3.optim.nonlinear.scalar,GoalType,0,24,0,0,0,5,0,1,0,1
Apache Commons Math,org.apache.commons.math3.optim.nonlinear.scalar,MultiStartMultivariateOptimizer.new Comparator() {...},11,31,5,3,2,7,4,2,0,2
Apache Commons Math,org.apache.commons.math3.optim.nonlinear.scalar,ObjectiveFunctionGradient,0,9,0,0,0,4,0,2,0,2
Apache Commons Math,org.apache.commons.math3.optim.nonlinear.scalar,MultivariateFunctionMappingAdapter,21,165,2,16,2,29,2,11,0,4
Apache Commons Math,org.apache.commons.math3.optim.nonlinear.scalar,LineSearch,0,88,0,0,0,19,0,2,0,2
Apache Commons Math,org.apache.commons.math3.optim.nonlinear.scalar,MultivariateFunctionPenaltyAdapter,29,159,3,17,3,27,3,9,0,2
Apache Commons Math,org.apache.commons.math3.optim.nonlinear.scalar,MultivariateFunctionMappingAdapter.LowerUpperBoundMapper,0,27,0,0,0,6,0,3,0,3
Apache Commons Math,org.apache.commons.math3.optim.nonlinear.scalar,MultivariateFunctionMappingAdapter.LowerBoundMapper,0,18,0,0,0,5,0,3,0,3
Apache Commons Math,org.apache.commons.math3.optim.nonlinear.scalar,MultivariateFunctionMappingAdapter.NoBoundsMapper,0,4,0,0,0,2,0,2,0,2
Apache Commons Math,org.apache.commons.math3.optim.nonlinear.scalar,GradientMultivariateOptimizer,0,42,1,3,0,10,1,5,0,4
Apache Commons Math,org.apache.commons.math3.optim.nonlinear.scalar,MultivariateFunctionMappingAdapter.UpperBoundMapper,0,20,0,0,0,5,0,3,0,3
Apache Commons Math,org.apache.commons.math3.optim.nonlinear.scalar,MultiStartMultivariateOptimizer,0,41,0,0,0,11,0,5,0,5
Apache Commons Math,org.apache.commons.math3.optim.nonlinear.scalar,LeastSquaresConverter,25,175,3,15,3,36,3,10,0,4
Apache Commons Math,org.apache.commons.math3.optim.nonlinear.scalar,ObjectiveFunction,0,9,0,0,0,4,0,2,0,2
Apache Commons Math,org.apache.commons.math3.geometry.partitioning,SubHyperplane.SplitSubHyperplane,0,15,0,0,0,6,0,3,0,3
Apache Commons Math,org.apache.commons.math3.geometry.partitioning,Side,0,44,0,0,0,9,0,1,0,1
Apache Commons Math,org.apache.commons.math3.geometry.partitioning,RegionFactory.IntersectionMerger,0,35,0,2,0,6,0,3,0,2
Apache Commons Math,org.apache.commons.math3.geometry.partitioning,BoundaryProjection,0,21,0,0,0,8,0,4,0,4
Apache Commons Math,org.apache.commons.math3.geometry.partitioning,BSPTree.new BSPTree.VanishingCutHandler() {...},13,0,0,0,2,0,2,0,2,0
Apache Commons Math,org.apache.commons.math3.geometry.partitioning,BSPTree,90,921,14,85,22,220,14,65,2,24
Apache Commons Math,org.apache.commons.math3.geometry.partitioning,BoundarySizeVisitor,0,39,0,4,0,13,0,7,0,5
Apache Commons Math,org.apache.commons.math3.geometry.partitioning,AbstractRegion,38,633,13,75,8,140,15,60,2,27
Apache Commons Math,org.apache.commons.math3.geometry.partitioning,Characterization,4,172,2,18,1,45,2,19,0,10
Apache Commons Math,org.apache.commons.math3.geometry.partitioning,BoundaryProjector,2,217,4,26,0,49,4,20,0,9
Apache Commons Math,org.apache.commons.math3.geometry.partitioning,BoundaryBuilder,0,104,0,14,0,27,0,11,0,4
Apache Commons Math,org.apache.commons.math3.geometry.partitioning,InsideFinder,0,204,5,45,0,48,5,25,0,4
Apache Commons Math,org.apache.commons.math3.geometry.partitioning,AbstractRegion.new Comparator() {...},0,25,0,4,0,4,0,4,0,2
Apache Commons Math,org.apache.commons.math3.geometry.partitioning,AbstractRegion.new BSPTreeVisitor() {...},0,25,1,3,0,8,1,5,0,4
Apache Commons Math,org.apache.commons.math3.geometry.partitioning,RegionFactory.UnionMerger,0,35,0,2,0,6,0,3,0,2
Apache Commons Math,org.apache.commons.math3.geometry.partitioning,RegionFactory.XorMerger,0,30,0,2,0,6,0,3,0,2
Apache Commons Math,org.apache.commons.math3.geometry.partitioning,NodesSet,0,49,0,6,0,12,0,7,0,4
Apache Commons Math,org.apache.commons.math3.geometry.partitioning,AbstractSubHyperplane,9,199,2,14,0,40,2,15,0,9
Apache Commons Math,org.apache.commons.math3.geometry.partitioning,RegionFactory,2,290,2,24,1,57,2,20,0,9
Apache Commons Math,org.apache.commons.math3.geometry.partitioning,BoundaryAttribute,6,21,0,0,2,8,1,4,1,4
Apache Commons Math,org.apache.commons.math3.geometry.partitioning,RegionFactory.VanishingToLeaf,22,9,2,0,3,3,2,1,1,1
Apache Commons Math,org.apache.commons.math3.geometry.partitioning,RegionFactory.DifferenceMerger,8,74,3,7,1,17,2,6,0,3
Apache Commons Math,org.apache.commons.math3.geometry.partitioning,Region.Location,0,34,0,0,0,7,0,1,0,1
Apache Commons Math,org.apache.commons.math3.geometry.partitioning,RegionFactory.NodesCleaner,0,13,0,0,0,5,0,4,0,4
Apache Commons Math,org.apache.commons.math3.geometry.partitioning,BSPTreeVisitor.Order,0,64,0,0,0,13,0,1,0,1
Apache Commons Math,org.apache.commons.math3.ode.sampling,DummyStepHandler,6,0,0,0,4,0,4,0,4,0
Apache Commons Math,org.apache.commons.math3.ode.sampling,AbstractStepInterpolator,87,652,9,25,18,176,10,33,1,25
Apache Commons Math,org.apache.commons.math3.ode.sampling,StepNormalizer,19,268,1,33,5,63,3,23,2,7
Apache Commons Math,org.apache.commons.math3.ode.sampling,StepNormalizerBounds,0,69,0,0,0,15,0,4,0,4
Apache Commons Math,org.apache.commons.math3.ode.sampling,NordsieckStepInterpolator,27,386,11,27,9,84,12,17,1,9
Apache Commons Math,org.apache.commons.math3.ode.sampling,DummyStepHandler.LazyHolder,6,0,0,0,1,0,1,0,1,0
Apache Commons Math,org.apache.commons.math3.ode.sampling,StepNormalizerMode,0,24,0,0,0,5,0,1,0,1
Apache Commons Math,org.apache.commons.math3.geometry.euclidean.twod,Line.LineTransform,7,214,1,1,1,33,1,4,0,4
Apache Commons Math,org.apache.commons.math3.geometry.euclidean.twod,SubLine,6,371,0,34,2,65,1,26,1,9
Apache Commons Math,org.apache.commons.math3.geometry.euclidean.twod,Line,103,466,5,15,29,82,10,35,6,29
Apache Commons Math,org.apache.commons.math3.geometry.euclidean.twod,Vector2DFormat,18,82,1,3,6,18,3,8,2,7
Apache Commons Math,org.apache.commons.math3.geometry.euclidean.twod,Euclidean2D.LazyHolder,0,6,0,0,0,1,0,1,0,1
Apache Commons Math,org.apache.commons.math3.geometry.euclidean.twod,DiskGenerator,0,297,0,6,0,35,0,6,0,3
Apache Commons Math,org.apache.commons.math3.geometry.euclidean.twod,Euclidean2D,0,8,0,0,0,4,0,4,0,4
Apache Commons Math,org.apache.commons.math3.geometry.euclidean.twod,PolygonsSet.Edge,0,76,0,0,0,21,0,7,0,7
Apache Commons Math,org.apache.commons.math3.geometry.euclidean.twod,PolygonsSet.ConnectableSegment,0,54,0,0,0,20,0,10,0,10
Apache Commons Math,org.apache.commons.math3.geometry.euclidean.twod,PolygonsSet.SegmentsBuilder,5,171,3,15,0,40,3,13,0,7
Apache Commons Math,org.apache.commons.math3.geometry.euclidean.twod,PolygonsSet.Vertex,0,79,0,6,0,22,0,11,0,8
Apache Commons Math,org.apache.commons.math3.geometry.euclidean.twod,PolygonsSet,234,1033,38,135,52,219,33,75,4,17
Apache Commons Math,org.apache.commons.math3.geometry.euclidean.twod,Vector2D,384,282,18,16,52,57,34,23,22,18
Apache Commons Math,org.apache.commons.math3.geometry.euclidean.twod,Segment,14,97,2,2,3,17,2,5,0,5
Apache Commons Math,org.apache.commons.math3.geometry.euclidean.twod,NestedLoops,280,0,28,0,58,0,20,0,6,0
Apache Commons Math,org.apache.commons.math3.stat.descriptive,MultivariateSummaryStatistics,0,739,8,36,0,147,8,50,0,36
Apache Commons Math,org.apache.commons.math3.stat.descriptive,AggregateSummaryStatistics.AggregatingSummaryStatistics,36,22,8,0,8,7,6,2,2,2
Apache Commons Math,org.apache.commons.math3.stat.descriptive,SynchronizedDescriptiveStatistics,9,73,0,0,4,27,2,14,2,14
Apache Commons Math,org.apache.commons.math3.stat.descriptive,DescriptiveStatistics,89,765,3,21,18,148,4,59,1,50
Apache Commons Math,org.apache.commons.math3.stat.descriptive,AbstractStorelessUnivariateStatistic,7,111,2,16,1,24,2,14,0,7
Apache Commons Math,org.apache.commons.math3.stat.descriptive,AbstractUnivariateStatistic,68,60,10,2,13,11,7,10,2,9
Apache Commons Math,org.apache.commons.math3.stat.descriptive,SynchronizedSummaryStatistics,72,77,0,0,28,30,13,24,13,24
Apache Commons Math,org.apache.commons.math3.stat.descriptive,SummaryStatistics,96,874,19,41,28,181,28,42,9,31
Apache Commons Math,org.apache.commons.math3.stat.descriptive,AggregateSummaryStatistics,75,259,9,15,15,57,14,15,5,12
Apache Commons Math,org.apache.commons.math3.stat.descriptive,StatisticalSummaryValues,0,225,5,11,0,45,5,14,0,11
Apache Commons Math,org.apache.commons.math3.stat.descriptive,SynchronizedMultivariateSummaryStatistics,0,104,0,0,0,41,0,31,0,31
Apache Commons Math,org.apache.commons.math3.optim.nonlinear.scalar.noderiv,SimplexOptimizer,4,151,3,19,1,39,3,14,0,6
Apache Commons Math,org.apache.commons.math3.optim.nonlinear.scalar.noderiv,NelderMeadSimplex,9,408,1,31,2,84,2,23,1,8
Apache Commons Math,org.apache.commons.math3.optim.nonlinear.scalar.noderiv,CMAESOptimizer.DoubleIndex,36,15,6,0,7,5,5,2,2,2
Apache Commons Math,org.apache.commons.math3.optim.nonlinear.scalar.noderiv,BOBYQAOptimizer.PathIsExploredException,11,0,0,0,2,0,1,0,1,0
Apache Commons Math,org.apache.commons.math3.optim.nonlinear.scalar.noderiv,MultiDirectionalSimplex,7,173,0,8,2,44,1,13,1,9
Apache Commons Math,org.apache.commons.math3.optim.nonlinear.scalar.noderiv,CMAESOptimizer.ValuePenaltyPair,0,9,0,0,0,4,0,1,0,1
Apache Commons Math,org.apache.commons.math3.optim.nonlinear.scalar.noderiv,PowellOptimizer,22,402,4,32,3,93,4,22,0,8
Apache Commons Math,org.apache.commons.math3.optim.nonlinear.scalar.noderiv,CMAESOptimizer.PopulationSize,6,11,1,1,1,5,1,2,0,2
Apache Commons Math,org.apache.commons.math3.optim.nonlinear.scalar.noderiv,BOBYQAOptimizer,923,5969,105,519,159,1045,90,243,1,12
Apache Commons Math,org.apache.commons.math3.optim.nonlinear.scalar.noderiv,AbstractSimplex,98,379,13,41,14,77,14,27,1,13
Apache Commons Math,org.apache.commons.math3.optim.nonlinear.scalar.noderiv,CMAESOptimizer.FitnessFunction,43,143,7,15,9,28,5,11,1,4
Apache Commons Math,org.apache.commons.math3.optim.nonlinear.scalar.noderiv,CMAESOptimizer.Sigma,0,35,0,4,0,7,0,4,0,2
Apache Commons Math,org.apache.commons.math3.optim.nonlinear.scalar.noderiv,SimplexOptimizer.new MultivariateFunction() {...},0,11,0,0,0,2,0,2,0,2
Apache Commons Math,org.apache.commons.math3.optim.nonlinear.scalar.noderiv,SimplexOptimizer.new Comparator() {...},0,30,0,2,0,4,0,3,0,2
Apache Commons Math,org.apache.commons.math3.optim.nonlinear.scalar.noderiv,CMAESOptimizer,200,2434,36,182,36,390,32,117,5,35
Apache Commons Math,org.apache.commons.math3.optimization.general,AbstractLeastSquaresOptimizer,69,405,2,20,15,78,7,26,5,17
Apache Commons Math,org.apache.commons.math3.optimization.general,NonLinearConjugateGradientOptimizer.LineSearchFunction,0,63,0,4,0,11,0,4,0,2
Apache Commons Math,org.apache.commons.math3.optimization.general,LevenbergMarquardtOptimizer,92,2060,21,181,15,366,18,93,0,10
Apache Commons Math,org.apache.commons.math3.optimization.general,NonLinearConjugateGradientOptimizer,31,335,7,27,11,73,8,16,2,5
Apache Commons Math,org.apache.commons.math3.optimization.general,AbstractDifferentiableOptimizer,37,0,0,0,6,0,4,0,4,0
Apache Commons Math,org.apache.commons.math3.optimization.general,NonLinearConjugateGradientOptimizer.IdentityPreconditioner,0,7,0,0,0,2,0,2,0,2
Apache Commons Math,org.apache.commons.math3.optimization.general,AbstractScalarDifferentiableOptimizer,3,28,0,0,1,9,1,4,1,4
Apache Commons Math,org.apache.commons.math3.optimization.general,ConjugateGradientFormula,0,24,0,0,0,5,0,1,0,1
Apache Commons Math,org.apache.commons.math3.optimization.general,GaussNewtonOptimizer,24,232,3,19,7,53,5,11,2,3
Apache Commons Math,org.apache.commons.math3.geometry.enclosing,EnclosingBall,0,55,0,4,0,11,0,9,0,7
Apache Commons Math,org.apache.commons.math3.geometry.enclosing,WelzlEncloser,4,208,1,19,1,44,1,14,0,5
Apache Commons Math,org.apache.commons.math3.optim,MaxIter,11,11,1,1,2,5,2,2,1,2
Apache Commons Math,org.apache.commons.math3.optim,BaseMultivariateOptimizer,10,173,2,28,1,35,2,20,0,7
Apache Commons Math,org.apache.commons.math3.optim,BaseOptimizer,13,103,0,6,4,26,2,13,2,10
Apache Commons Math,org.apache.commons.math3.optim,BaseOptimizer.MaxIterCallback,0,6,0,0,0,1,0,1,0,1
Apache Commons Math,org.apache.commons.math3.optim,AbstractOptimizationProblem.MaxEvalCallback,0,6,0,0,0,1,0,1,0,1
Apache Commons Math,org.apache.commons.math3.optim,BaseOptimizer.MaxEvalCallback,0,6,0,0,0,1,0,1,0,1
Apache Commons Math,org.apache.commons.math3.optim,PointVectorValuePair,6,66,3,9,0,18,3,10,0,7
Apache Commons Math,org.apache.commons.math3.optim,SimpleVectorValueChecker,0,83,0,12,0,21,0,9,0,3
Apache Commons Math,org.apache.commons.math3.optim,MaxEval,11,11,1,1,2,5,2,2,1,2
Apache Commons Math,org.apache.commons.math3.optim,PointValuePair,4,45,2,4,0,11,2,6,0,5
Apache Commons Math,org.apache.commons.math3.optim,AbstractOptimizationProblem.MaxIterCallback,0,6,0,0,0,1,0,1,0,1
Apache Commons Math,org.apache.commons.math3.optim,SimpleValueChecker,0,71,1,9,0,16,1,7,0,3
Apache Commons Math,org.apache.commons.math3.optim,PointValuePair.DataTransferObject,0,20,0,0,0,5,0,2,0,2
Apache Commons Math,org.apache.commons.math3.optim,AbstractConvergenceChecker,0,15,0,0,0,6,0,3,0,3
Apache Commons Math,org.apache.commons.math3.optim,PointVectorValuePair.DataTransferObject,0,22,0,0,0,5,0,2,0,2
Apache Commons Math,org.apache.commons.math3.optim,AbstractOptimizationProblem,0,40,0,0,0,10,0,5,0,5
Apache Commons Math,org.apache.commons.math3.optim,SimplePointChecker,0,85,2,10,0,21,2,7,0,3
Apache Commons Math,org.apache.commons.math3.optim,InitialGuess,0,13,0,0,0,4,0,2,0,2
Apache Commons Math,org.apache.commons.math3.optim,SimpleBounds,0,41,0,0,0,11,0,4,0,4
Apache Commons Math,org.apache.commons.math3.optim,BaseMultiStartMultivariateOptimizer,14,219,4,30,3,51,4,17,0,4
Apache Commons Math,org.apache.commons.math3.analysis.solvers,BaseSecantSolver,12,261,3,45,3,66,3,33,0,7
Apache Commons Math,org.apache.commons.math3.analysis.solvers,AbstractDifferentiableUnivariateSolver,6,23,0,0,2,7,1,3,1,3
Apache Commons Math,org.apache.commons.math3.analysis.solvers,BrentSolver,6,344,1,39,2,89,2,24,1,5
Apache Commons Math,org.apache.commons.math3.analysis.solvers,NewtonRaphsonSolver,0,54,0,2,0,14,0,5,0,4
Apache Commons Math,org.apache.commons.math3.analysis.solvers,LaguerreSolver.ComplexSolver,29,317,8,22,6,64,7,12,0,4
Apache Commons Math,org.apache.commons.math3.analysis.solvers,SecantSolver,11,92,1,9,5,25,3,6,2,2
Apache Commons Math,org.apache.commons.math3.analysis.solvers,MullerSolver2,19,239,5,15,6,50,6,8,1,3
Apache Commons Math,org.apache.commons.math3.analysis.solvers,RiddersSolver,13,166,4,12,6,49,5,7,1,3
Apache Commons Math,org.apache.commons.math3.analysis.solvers,AbstractUnivariateDifferentiableSolver,6,28,0,0,2,7,1,3,1,3
Apache Commons Math,org.apache.commons.math3.analysis.solvers,BracketingNthOrderBrentSolver,4,662,1,65,1,136,1,43,0,9
Apache Commons Math,org.apache.commons.math3.analysis.solvers,AbstractUnivariateSolver,0,15,0,0,0,6,0,3,0,3
Apache Commons Math,org.apache.commons.math3.analysis.solvers,IllinoisSolver,18,5,0,0,6,2,3,1,3,1
Apache Commons Math,org.apache.commons.math3.analysis.solvers,AbstractPolynomialSolver,11,19,0,0,4,6,2,3,2,3
Apache Commons Math,org.apache.commons.math3.analysis.solvers,UnivariateSolverUtils,125,359,19,49,31,72,14,32,1,11
Apache Commons Math,org.apache.commons.math3.analysis.solvers,BisectionSolver,5,57,0,4,2,18,1,5,1,3
Apache Commons Math,org.apache.commons.math3.analysis.solvers,BaseAbstractUnivariateSolver,4,150,0,0,1,47,1,21,1,21
Apache Commons Math,org.apache.commons.math3.analysis.solvers,LaguerreSolver,89,152,8,8,21,35,9,9,3,7
Apache Commons Math,org.apache.commons.math3.analysis.solvers,BaseSecantSolver.Method,0,34,0,0,0,7,0,1,0,1
Apache Commons Math,org.apache.commons.math3.analysis.solvers,AllowedSolution,0,54,0,0,0,11,0,1,0,1
Apache Commons Math,org.apache.commons.math3.analysis.solvers,NewtonSolver,0,46,0,2,0,13,0,5,0,4
Apache Commons Math,org.apache.commons.math3.analysis.solvers,PegasusSolver,5,18,0,0,2,6,1,3,1,3
Apache Commons Math,org.apache.commons.math3.analysis.solvers,MullerSolver,11,320,5,31,5,63,6,17,1,4
Apache Commons Math,org.apache.commons.math3.analysis.solvers,RegulaFalsiSolver,18,5,0,0,6,2,3,1,3,1
Apache Commons Math,org.apache.commons.math3.optim.nonlinear.vector,Weight,20,13,2,0,6,4,2,2,1,2
Apache Commons Math,org.apache.commons.math3.optim.nonlinear.vector,MultivariateVectorOptimizer,0,95,0,10,0,24,0,13,0,8
Apache Commons Math,org.apache.commons.math3.optim.nonlinear.vector,Target,0,13,0,0,0,4,0,2,0,2
Apache Commons Math,org.apache.commons.math3.optim.nonlinear.vector,JacobianMultivariateVectorOptimizer,0,42,0,4,0,10,0,6,0,4
Apache Commons Math,org.apache.commons.math3.optim.nonlinear.vector,ModelFunction,0,9,0,0,0,4,0,2,0,2
Apache Commons Math,org.apache.commons.math3.optim.nonlinear.vector,ModelFunctionJacobian,0,9,0,0,0,4,0,2,0,2
Apache Commons Math,org.apache.commons.math3.optim.nonlinear.vector,MultiStartMultivariateVectorOptimizer,0,41,0,0,0,11,0,5,0,5
Apache Commons Math,org.apache.commons.math3.optim.nonlinear.vector,MultiStartMultivariateVectorOptimizer.new Comparator() {...},8,51,4,2,2,10,3,3,0,3
Apache Commons Math,org.apache.commons.math3.optim.univariate,UnivariatePointValuePair,0,15,0,0,0,6,0,3,0,3
Apache Commons Math,org.apache.commons.math3.optim.univariate,SearchInterval,19,43,3,3,2,13,3,5,0,5
Apache Commons Math,org.apache.commons.math3.optim.univariate,BracketFinder,44,360,10,36,10,90,13,22,5,7
Apache Commons Math,org.apache.commons.math3.optim.univariate,MultiStartUnivariateOptimizer.new Comparator() {...},6,33,3,5,1,8,3,3,0,2
Apache Commons Math,org.apache.commons.math3.optim.univariate,UnivariateOptimizer,0,83,0,8,0,23,0,12,0,8
Apache Commons Math,org.apache.commons.math3.optim.univariate,MultiStartUnivariateOptimizer,13,213,2,18,2,49,2,14,0,6
Apache Commons Math,org.apache.commons.math3.optim.univariate,BrentOptimizer,23,470,5,69,6,135,5,37,0,5
Apache Commons Math,org.apache.commons.math3.optim.univariate,UnivariateObjectiveFunction,0,9,0,0,0,4,0,2,0,2
Apache Commons Math,org.apache.commons.math3.optim.univariate,SimpleUnivariateValueChecker,0,67,1,9,0,16,1,7,0,3
Apache Commons Math,org.apache.commons.math3.ml.distance,ChebyshevDistance,0,7,0,0,0,2,0,2,0,2
Apache Commons Math,org.apache.commons.math3.ml.distance,EarthMoversDistance,0,34,0,2,0,8,0,3,0,2
Apache Commons Math,org.apache.commons.math3.ml.distance,EuclideanDistance,0,7,0,0,0,2,0,2,0,2
Apache Commons Math,org.apache.commons.math3.ml.distance,ManhattanDistance,0,7,0,0,0,2,0,2,0,2
Apache Commons Math,org.apache.commons.math3.ml.distance,CanberraDistance,0,50,0,6,0,7,0,5,0,2
Apache Commons Math,org.apache.commons.math3.ode.events,Transformer.new Transformer() {...},0,8,0,0,0,2,0,2,0,2
Apache Commons Math,org.apache.commons.math3.ode.events,Transformer.new Transformer() {...},0,8,0,0,0,2,0,2,0,2
Apache Commons Math,org.apache.commons.math3.ode.events,Transformer.new Transformer() {...},0,14,0,0,0,2,0,2,0,2
Apache Commons Math,org.apache.commons.math3.ode.events,Transformer.new Transformer() {...},0,9,0,0,0,2,0,2,0,2
Apache Commons Math,org.apache.commons.math3.ode.events,Transformer.new Transformer() {...},0,13,0,0,0,2,0,2,0,2
Apache Commons Math,org.apache.commons.math3.ode.events,Transformer,0,54,0,0,0,11,0,1,0,1
Apache Commons Math,org.apache.commons.math3.ode.events,FilterType,0,24,0,0,0,5,0,1,0,1
Apache Commons Math,org.apache.commons.math3.ode.events,EventFilter,24,237,2,20,4,42,3,13,1,4
Apache Commons Math,org.apache.commons.math3.ode.events,FilterType.new FilterType() {...},8,112,2,36,2,39,2,24,0,3
Apache Commons Math,org.apache.commons.math3.ode.events,FilterType.new FilterType() {...},8,112,2,36,2,39,2,24,0,3
Apache Commons Math,org.apache.commons.math3.ode.events,EventState,66,512,16,52,15,105,16,31,3,10
Apache Commons Math,org.apache.commons.math3.ode.events,EventState.new UnivariateFunction() {...},6,24,0,0,2,3,0,2,0,2
Apache Commons Math,org.apache.commons.math3.ode.events,EventHandler.Action,0,44,0,0,0,9,0,1,0,1
Apache Commons Math,org.apache.commons.math3.ode.events,EventState.LocalMaxCountExceededException,9,0,0,0,4,0,2,0,2,0
,,Total:,,,3225,18435,5220,51941,3624,15263,,
,,Statement Coverage,92%,,,,,,,,,
,,Branch Coverage,85%,,,,,,,,,
,,Cyclometric Complexity,15263+3624=18887,,,,,,,,,
