GROUP,PACKAGE,CLASS,INSTRUCTION_MISSED,INSTRUCTION_COVERED,BRANCH_MISSED,BRANCH_COVERED,LINE_MISSED,LINE_COVERED,COMPLEXITY_MISSED,COMPLEXITY_COVERED,METHOD_MISSED,METHOD_COVERED
JFreeChart,org.jfree.chart.plot,PlotRenderingInfo,45,148,9,11,13,42,8,16,1,13
JFreeChart,org.jfree.chart.plot,CombinedDomainXYPlot,351,557,59,53,89,153,53,33,13,17
JFreeChart,org.jfree.chart.plot,PolarPlot,1198,1103,178,104,340,312,158,77,53,41
JFreeChart,org.jfree.chart.plot,DatasetRenderingOrder,12,49,4,6,5,17,5,6,1,5
JFreeChart,org.jfree.chart.plot,DialShape,24,48,8,4,9,14,7,5,1,5
JFreeChart,org.jfree.chart.plot,Plot,386,785,88,92,138,262,87,72,21,48
JFreeChart,org.jfree.chart.plot,PiePlotState,0,80,0,0,0,34,0,21,0,21
JFreeChart,org.jfree.chart.plot,ThermometerPlot,1185,761,118,74,269,201,125,45,48,25
JFreeChart,org.jfree.chart.plot,RingPlot,422,262,45,25,123,91,37,28,14,16
JFreeChart,org.jfree.chart.plot,PiePlot,983,2765,126,218,254,803,130,174,33,99
JFreeChart,org.jfree.chart.plot,PieLabelDistributor,107,227,13,21,22,50,10,16,2,7
JFreeChart,org.jfree.chart.plot,PieLabelRecord,38,157,7,19,10,46,10,19,4,12
JFreeChart,org.jfree.chart.plot,PlotState,0,11,0,0,0,4,0,2,0,2
JFreeChart,org.jfree.chart.plot,FastScatterPlot,213,804,37,65,70,233,49,52,20,30
JFreeChart,org.jfree.chart.plot,CompassPlot,821,374,69,36,167,111,66,26,17,18
JFreeChart,org.jfree.chart.plot,DefaultDrawingSupplier,12,765,6,50,4,166,5,41,0,18
JFreeChart,org.jfree.chart.plot,CategoryMarker,6,93,3,7,3,27,3,10,0,8
JFreeChart,org.jfree.chart.plot,Crosshair,56,582,1,33,20,161,18,39,17,23
JFreeChart,org.jfree.chart.plot,MeterPlot,178,1347,49,93,51,371,62,65,18,38
JFreeChart,org.jfree.chart.plot,IntervalMarker,20,116,2,10,5,34,4,13,2,9
JFreeChart,org.jfree.chart.plot,AbstractPieLabelDistributor,0,31,0,0,0,10,0,5,0,5
JFreeChart,org.jfree.chart.plot,CombinedRangeXYPlot,352,508,59,43,96,144,50,29,12,16
JFreeChart,org.jfree.chart.plot,CombinedRangeCategoryPlot,200,513,41,45,53,146,38,25,6,14
JFreeChart,org.jfree.chart.plot,MultiplePiePlot,365,416,50,34,95,126,37,30,6,19
JFreeChart,org.jfree.chart.plot,MeterInterval,12,123,6,8,6,36,6,11,0,10
JFreeChart,org.jfree.chart.plot,XYCrosshairState,3,0,0,0,2,0,1,0,1,0
JFreeChart,org.jfree.chart.plot,PlotOrientation,6,66,2,8,2,24,3,10,1,7
JFreeChart,org.jfree.chart.plot,WaferMapPlot,581,0,44,0,152,0,36,0,14,0
JFreeChart,org.jfree.chart.plot,PolarAxisLocation,6,117,3,19,3,42,3,13,0,5
JFreeChart,org.jfree.chart.plot,CombinedDomainCategoryPlot,301,550,49,47,81,149,46,27,10,15
JFreeChart,org.jfree.chart.plot,XYPlot,1777,4759,328,538,489,1328,289,375,50,181
JFreeChart,org.jfree.chart.plot,ValueMarker,11,57,1,7,3,19,2,8,1,5
JFreeChart,org.jfree.chart.plot,SpiderWebPlot,236,1447,43,101,72,412,55,86,19,50
JFreeChart,org.jfree.chart.plot,CategoryPlot,1208,4161,229,463,336,1191,215,352,44,177
JFreeChart,org.jfree.chart.plot,Marker,24,495,7,35,10,137,9,49,2,35
JFreeChart,org.jfree.chart.plot,PiePlot3D,906,1123,89,59,251,271,56,30,2,10
JFreeChart,org.jfree.chart.plot,CrosshairState,141,53,15,1,39,24,14,13,6,13
JFreeChart,org.jfree.chart.plot,CategoryCrosshairState,88,29,11,1,26,13,7,6,1,6
JFreeChart,org.jfree.chart.plot,CenterTextMode,0,34,0,0,0,7,0,1,0,1
JFreeChart,org.jfree.chart.plot,PieLabelLinkStyle,9,67,3,9,4,25,4,8,1,5
JFreeChart,org.jfree.chart.plot,SeriesRenderingOrder,12,49,4,6,5,17,5,6,1,5
JFreeChart,org.jfree.chart.imagemap,StandardToolTipTagFragmentGenerator,0,14,0,0,0,4,0,2,0,2
JFreeChart,org.jfree.chart.imagemap,DynamicDriveToolTipTagFragmentGenerator,48,0,0,0,12,0,3,0,3,0
JFreeChart,org.jfree.chart.imagemap,StandardURLTagFragmentGenerator,0,13,0,0,0,3,0,2,0,2
JFreeChart,org.jfree.chart.imagemap,OverLIBToolTipTagFragmentGenerator,0,14,0,0,0,5,0,2,0,2
JFreeChart,org.jfree.chart.imagemap,ImageMapUtils,125,128,12,22,40,41,12,13,6,2
JFreeChart,org.jfree.chart.editor,DefaultAxisEditor,591,0,22,0,137,0,29,0,18,0
JFreeChart,org.jfree.chart.editor,DefaultChartEditor,422,0,6,0,101,0,12,0,9,0
JFreeChart,org.jfree.chart.editor,DefaultPlotEditor,934,0,100,0,262,0,68,0,18,0
JFreeChart,org.jfree.chart.editor,DefaultLogAxisEditor,156,0,12,0,46,0,13,0,7,0
JFreeChart,org.jfree.chart.editor,DefaultTitleEditor,385,0,20,0,100,0,21,0,11,0
JFreeChart,org.jfree.chart.editor,DefaultValueAxisEditor,546,0,32,0,149,0,36,0,20,0
JFreeChart,org.jfree.chart.editor,DefaultPolarPlotEditor,241,0,12,0,66,0,15,0,9,0
JFreeChart,org.jfree.chart.editor,DefaultNumberAxisEditor,199,0,12,0,56,0,13,0,7,0
JFreeChart,org.jfree.chart.editor,DefaultChartEditorFactory,8,0,0,0,3,0,2,0,2,0
JFreeChart,org.jfree.chart.editor,ChartEditorManager,17,0,0,0,6,0,4,0,4,0
JFreeChart,org.jfree.chart.urls,CustomPieURLGenerator,13,159,7,17,5,39,8,12,1,7
JFreeChart,org.jfree.chart.urls,StandardXYURLGenerator,58,64,8,6,10,22,7,5,1,4
JFreeChart,org.jfree.chart.urls,StandardCategoryURLGenerator,51,165,9,11,11,43,8,9,2,5
JFreeChart,org.jfree.chart.urls,TimeSeriesURLGenerator,33,192,5,15,7,45,9,9,4,4
JFreeChart,org.jfree.chart.urls,StandardXYZURLGenerator,9,0,0,0,2,0,2,0,2,0
JFreeChart,org.jfree.chart.urls,CustomXYURLGenerator,17,139,10,18,7,39,10,12,1,7
JFreeChart,org.jfree.chart.urls,CustomCategoryURLGenerator,17,139,10,18,7,40,10,12,1,7
JFreeChart,org.jfree.chart.urls,URLUtilities,54,0,0,0,16,0,3,0,3,0
JFreeChart,org.jfree.chart.urls,StandardPieURLGenerator,28,127,3,11,5,35,3,10,0,6
JFreeChart,org.jfree.data.json,JSONUtils,224,0,20,0,69,0,15,0,5,0
JFreeChart,org.jfree.chart.title,LegendGraphic,118,497,30,44,31,151,29,47,9,30
JFreeChart,org.jfree.chart.title,Title,29,270,9,19,11,82,12,24,4,18
JFreeChart,org.jfree.chart.title,ImageTitle,405,0,36,0,102,0,29,0,11,0
JFreeChart,org.jfree.chart.title,DateTitle,10,43,0,0,2,13,1,4,1,4
JFreeChart,org.jfree.chart.title,ShortTextTitle,289,12,43,1,66,4,28,2,6,2
JFreeChart,org.jfree.chart.title,PaintScaleLegend,750,314,68,24,169,93,49,27,13,17
JFreeChart,org.jfree.chart.title,CompositeTitle,73,80,4,6,19,26,7,10,4,8
JFreeChart,org.jfree.chart.title,LegendItemBlockContainer,9,78,1,3,3,25,4,7,3,6
JFreeChart,org.jfree.chart.title,TextTitle,507,592,94,56,134,171,72,40,12,25
JFreeChart,org.jfree.chart.title,LegendTitle,116,596,20,42,34,167,29,37,12,23
JFreeChart,org.jfree.data.xml,ItemHandler,111,0,8,0,33,0,11,0,7,0
JFreeChart,org.jfree.data.xml,PieDatasetHandler,72,0,8,0,22,0,9,0,5,0
JFreeChart,org.jfree.data.xml,ValueHandler,98,0,8,0,28,0,10,0,6,0
JFreeChart,org.jfree.data.xml,KeyHandler,94,0,6,0,24,0,9,0,6,0
JFreeChart,org.jfree.data.xml,DatasetReader,83,0,0,0,29,0,5,0,5,0
JFreeChart,org.jfree.data.xml,RootHandler,54,0,8,0,18,0,10,0,6,0
JFreeChart,org.jfree.data.xml,CategoryDatasetHandler,84,0,8,0,24,0,9,0,5,0
JFreeChart,org.jfree.data.xml,CategorySeriesHandler,113,0,8,0,30,0,9,0,5,0
JFreeChart,org.jfree.chart,ChartColor,6,338,0,0,2,59,1,2,1,2
JFreeChart,org.jfree.chart,ChartHints.Key,33,0,13,0,7,0,9,0,2,0
JFreeChart,org.jfree.chart,PaintMap,5,164,0,14,1,48,1,15,1,8
JFreeChart,org.jfree.chart,JFreeChart,523,1129,73,103,147,326,82,80,27,47
JFreeChart,org.jfree.chart,StandardChartTheme,763,1232,93,117,223,381,112,85,46,46
JFreeChart,org.jfree.chart,ChartTransferable,207,0,12,0,61,0,13,0,7,0
JFreeChart,org.jfree.chart,HashUtils,136,185,23,19,33,42,18,17,1,13
JFreeChart,org.jfree.chart,PolarChartPanel,243,0,24,0,75,0,19,0,7,0
JFreeChart,org.jfree.chart,ChartFrame,36,0,2,0,11,0,4,0,3,0
JFreeChart,org.jfree.chart,StrokeMap,9,160,0,14,3,46,2,14,2,7
JFreeChart,org.jfree.chart,ChartUtils,402,0,8,0,128,0,32,0,28,0
JFreeChart,org.jfree.chart,JFreeChart.new RenderingHints.Key() {...},3,4,0,0,1,1,1,1,1,1
JFreeChart,org.jfree.chart,LegendItem,96,689,8,44,38,220,18,66,10,48
JFreeChart,org.jfree.chart,LegendItemCollection,6,64,1,5,2,19,2,9,1,7
JFreeChart,org.jfree.chart,ChartMouseEvent,22,0,0,0,8,0,4,0,4,0
JFreeChart,org.jfree.chart,ChartRenderingInfo,2,141,4,12,1,43,4,16,0,12
JFreeChart,org.jfree.chart,ChartPanel,2955,1223,358,52,811,351,288,38,91,30
JFreeChart,org.jfree.chart,ChartHints,11,0,0,0,2,0,1,0,1,0
JFreeChart,org.jfree.chart,LegendRenderingOrder,57,0,10,0,21,0,10,0,5,0
JFreeChart,org.jfree.chart,StandardChartTheme.new StandardChartTheme() {...},5,0,0,0,2,0,2,0,2,0
JFreeChart,org.jfree.chart,MouseWheelHandler,105,13,14,0,33,5,11,1,4,1
JFreeChart,org.jfree.chart,ChartFactory,1396,1216,150,52,334,349,116,41,27,29
JFreeChart,org.jfree.chart.needle,PinNeedle,128,18,9,3,25,6,8,3,2,3
JFreeChart,org.jfree.chart.needle,MiddlePinNeedle,133,20,10,4,26,6,9,3,2,3
JFreeChart,org.jfree.chart.needle,ShipNeedle,84,20,8,4,18,6,8,3,2,3
JFreeChart,org.jfree.chart.needle,PointerNeedle,139,18,13,3,36,6,10,3,2,3
JFreeChart,org.jfree.chart.needle,ArrowNeedle,142,34,13,5,33,12,10,4,2,3
JFreeChart,org.jfree.chart.needle,MeterNeedle,144,187,10,20,39,63,21,20,13,13
JFreeChart,org.jfree.chart.needle,PlumNeedle,84,18,7,3,20,6,7,3,2,3
JFreeChart,org.jfree.chart.needle,WindNeedle,69,18,8,4,17,6,8,2,2,2
JFreeChart,org.jfree.chart.needle,LineNeedle,53,16,6,2,12,5,6,3,2,3
JFreeChart,org.jfree.chart.needle,LongNeedle,189,19,14,2,50,7,10,3,2,3
JFreeChart,org.jfree.chart.encoders,SunPNGEncoderAdapter,32,0,0,0,12,0,7,0,7,0
JFreeChart,org.jfree.chart.encoders,EncoderUtil,71,0,0,0,27,0,9,0,9,0
JFreeChart,org.jfree.chart.encoders,SunJPEGEncoderAdapter,86,0,4,0,28,0,9,0,7,0
JFreeChart,org.jfree.chart.encoders,ImageEncoderFactory,92,0,2,0,31,0,9,0,8,0
JFreeChart,org.jfree.data.io,CSV,212,0,20,0,59,0,16,0,6,0
JFreeChart,org.jfree.chart.labels,IntervalXYItemLabelGenerator,255,24,29,3,61,9,21,4,6,3
JFreeChart,org.jfree.chart.labels,StandardPieToolTipGenerator,10,26,0,0,3,10,2,5,2,5
JFreeChart,org.jfree.chart.labels,IntervalXYToolTipGenerator,279,0,32,0,70,0,25,0,9,0
JFreeChart,org.jfree.chart.labels,StandardXYToolTipGenerator,14,46,1,3,4,16,3,8,2,7
JFreeChart,org.jfree.chart.labels,IntervalCategoryToolTipGenerator,98,27,11,3,22,10,7,5,1,4
JFreeChart,org.jfree.chart.labels,StandardCrosshairLabelGenerator,38,49,4,8,12,18,7,6,3,4
JFreeChart,org.jfree.chart.labels,IntervalCategoryItemLabelGenerator,96,15,10,0,21,6,6,3,1,3
JFreeChart,org.jfree.chart.labels,AbstractXYItemLabelGenerator,72,233,10,22,19,65,13,19,4,12
JFreeChart,org.jfree.chart.labels,BoxAndWhiskerXYToolTipGenerator,106,22,6,2,19,8,5,3,1,3
JFreeChart,org.jfree.chart.labels,BubbleXYItemLabelGenerator,101,101,9,9,26,31,9,10,3,7
JFreeChart,org.jfree.chart.labels,AbstractPieItemLabelGenerator,5,183,4,18,2,55,5,15,1,8
JFreeChart,org.jfree.chart.labels,StandardCategorySeriesLabelGenerator,2,71,1,5,1,25,1,9,0,7
JFreeChart,org.jfree.chart.labels,StandardPieSectionLabelGenerator,28,75,1,5,8,25,5,9,4,7
JFreeChart,org.jfree.chart.labels,BoxAndWhiskerToolTipGenerator,89,20,4,2,17,7,4,3,1,3
JFreeChart,org.jfree.chart.labels,AbstractCategoryItemLabelGenerator,35,220,7,15,10,64,10,14,4,9
JFreeChart,org.jfree.chart.labels,MultipleXYSeriesLabelGenerator,114,123,10,10,30,38,10,9,3,6
JFreeChart,org.jfree.chart.labels,CustomXYToolTipGenerator,18,126,14,14,4,35,13,9,1,7
JFreeChart,org.jfree.chart.labels,SymbolicXYItemLabelGenerator,95,18,10,2,25,7,9,4,3,4
JFreeChart,org.jfree.chart.labels,StandardCategoryItemLabelGenerator,6,35,0,4,2,12,1,7,1,5
JFreeChart,org.jfree.chart.labels,StandardXYZToolTipGenerator,113,64,8,8,28,24,10,7,5,4
JFreeChart,org.jfree.chart.labels,ItemLabelPosition,18,79,3,9,7,25,7,7,4,4
JFreeChart,org.jfree.chart.labels,ItemLabelAnchor,65,271,23,33,43,95,23,10,0,5
JFreeChart,org.jfree.chart.labels,StandardCategoryToolTipGenerator,8,27,1,3,2,10,2,5,1,4
JFreeChart,org.jfree.chart.labels,HighLowItemLabelGenerator,136,83,18,10,33,27,14,7,2,5
JFreeChart,org.jfree.chart.labels,StandardXYSeriesLabelGenerator,2,71,1,5,1,25,1,9,0,7
JFreeChart,org.jfree.chart.labels,StandardXYItemLabelGenerator,20,39,1,3,6,15,4,7,3,6
JFreeChart,org.jfree.chart.axis,DateTickUnit,78,197,8,22,18,50,14,18,6,11
JFreeChart,org.jfree.chart.axis,TickUnit,12,86,5,11,6,25,6,10,1,7
JFreeChart,org.jfree.chart.axis,AxisLocation,45,85,11,11,20,29,9,10,2,6
JFreeChart,org.jfree.chart.axis,ModuloAxis,462,96,38,8,102,24,35,5,13,4
JFreeChart,org.jfree.chart.axis,DateAxis.DefaultTimeline,15,16,3,3,7,7,7,4,4,4
JFreeChart,org.jfree.chart.axis,MonthDateFormat,67,131,5,13,16,34,9,10,5,5
JFreeChart,org.jfree.chart.axis,NumberAxis,257,1159,43,105,75,311,45,68,6,33
JFreeChart,org.jfree.chart.axis,ValueTick,6,58,3,5,3,16,3,6,0,5
JFreeChart,org.jfree.chart.axis,AxisCollection,8,69,3,5,2,22,2,8,0,6
JFreeChart,org.jfree.chart.axis,DateAxis,708,2144,87,131,184,550,77,84,12,40
JFreeChart,org.jfree.chart.axis,TickUnits,43,85,5,5,12,22,7,7,3,6
JFreeChart,org.jfree.chart.axis,NumberTickUnitSource,39,322,16,46,13,85,16,27,0,12
JFreeChart,org.jfree.chart.axis,LogAxis,784,724,81,45,196,189,74,29,18,22
JFreeChart,org.jfree.chart.axis,CompassFormat,236,0,4,0,20,0,9,0,7,0
JFreeChart,org.jfree.chart.axis,SymbolAxis,752,137,93,11,222,47,61,13,13,9
JFreeChart,org.jfree.chart.axis,CategoryTick,5,91,2,10,2,23,3,9,1,5
JFreeChart,org.jfree.chart.axis,Axis,527,1259,61,103,126,385,54,102,6,68
JFreeChart,org.jfree.chart.axis,PeriodAxisLabelInfo,31,257,2,18,11,71,10,17,8,9
JFreeChart,org.jfree.chart.axis,ExtendedCategoryAxis,73,117,14,8,19,34,11,11,3,8
JFreeChart,org.jfree.chart.axis,SubCategoryAxis,286,263,34,20,82,74,26,15,2,12
JFreeChart,org.jfree.chart.axis,CategoryAnchor,12,56,5,7,5,20,4,7,0,5
JFreeChart,org.jfree.chart.axis,DateTickMarkPosition,8,60,3,9,3,22,2,9,0,5
JFreeChart,org.jfree.chart.axis,TickType,11,49,4,6,4,17,4,6,1,4
JFreeChart,org.jfree.chart.axis,MarkerAxisBand,199,103,9,13,50,28,10,8,4,3
JFreeChart,org.jfree.chart.axis,NumberTick,3,27,0,0,1,6,1,2,1,2
JFreeChart,org.jfree.chart.axis,CategoryLabelPosition,4,164,2,14,2,48,2,18,0,12
JFreeChart,org.jfree.chart.axis,CategoryLabelWidthType,4,56,2,8,2,20,2,8,0,5
JFreeChart,org.jfree.chart.axis,ValueAxis,567,1247,93,117,159,362,89,86,19,51
JFreeChart,org.jfree.chart.axis,CyclicNumberAxis,1456,156,191,15,383,56,118,20,21,14
JFreeChart,org.jfree.chart.axis,StandardTickUnitSource,49,13,1,1,12,5,5,3,4,3
JFreeChart,org.jfree.chart.axis,NumberTickUnit,16,75,2,8,2,24,3,9,1,6
JFreeChart,org.jfree.chart.axis,DateTick,7,51,2,4,3,14,3,5,1,4
JFreeChart,org.jfree.chart.axis,AxisSpace,195,269,26,22,48,71,21,22,5,14
JFreeChart,org.jfree.chart.axis,LogTick,15,0,0,0,4,0,2,0,2,0
JFreeChart,org.jfree.chart.axis,CyclicNumberAxis.CycleBoundTick,11,0,0,0,3,0,1,0,1,0
JFreeChart,org.jfree.chart.axis,CategoryAxis,385,1504,70,116,98,410,66,81,10,44
JFreeChart,org.jfree.chart.axis,DateTickUnitType,4,121,2,18,2,43,2,14,0,6
JFreeChart,org.jfree.chart.axis,AxisState,39,53,8,0,16,19,7,10,3,10
JFreeChart,org.jfree.chart.axis,LogarithmicAxis,1186,265,229,25,296,73,136,20,14,15
JFreeChart,org.jfree.chart.axis,Tick,7,82,2,10,3,26,3,11,1,7
JFreeChart,org.jfree.chart.axis,PeriodAxis,1254,486,113,25,301,138,82,33,24,22
JFreeChart,org.jfree.chart.axis,QuarterDateFormat,69,116,4,6,20,24,7,6,4,4
JFreeChart,org.jfree.chart.axis,CategoryLabelPositions,117,326,6,14,39,121,10,12,5,7
JFreeChart,org.jfree.chart.axis,AxisLabelLocation,24,56,5,7,8,20,5,7,1,5
JFreeChart,org.jfree.data.general,AbstractDataset,18,107,4,4,8,32,6,12,3,11
JFreeChart,org.jfree.data.general,DatasetGroup,21,23,3,3,9,8,6,2,3,2
JFreeChart,org.jfree.data.general,Series,38,224,7,13,14,64,11,21,5,17
JFreeChart,org.jfree.data.general,DefaultPieDataset,83,138,9,13,27,40,15,15,7,12
JFreeChart,org.jfree.data.general,DefaultHeatMapDataset,78,188,12,30,15,51,15,21,3,12
JFreeChart,org.jfree.data.general,HeatMapUtils,125,0,8,0,27,0,8,0,4,0
JFreeChart,org.jfree.data.general,DefaultValueDataset,39,20,6,0,10,8,6,4,3,4
JFreeChart,org.jfree.data.general,WaferMapDataset,211,0,20,0,56,0,29,0,19,0
JFreeChart,org.jfree.data.general,DatasetUtils,752,2853,150,406,192,712,121,214,10,47
JFreeChart,org.jfree.data.general,AbstractSeriesDataset,0,26,0,4,0,9,0,5,0,3
JFreeChart,org.jfree.data.general,SeriesChangeEvent,0,4,0,0,0,2,0,1,0,1
JFreeChart,org.jfree.data.general,SeriesException,0,4,0,0,0,2,0,1,0,1
JFreeChart,org.jfree.data.general,DefaultKeyedValuesDataset,0,3,0,0,0,1,0,1,0,1
JFreeChart,org.jfree.data.general,DatasetChangeEvent,0,10,0,0,0,4,0,2,0,2
JFreeChart,org.jfree.data.general,DefaultKeyedValueDataset,32,99,12,10,9,31,11,10,2,8
JFreeChart,org.jfree.data.general,DefaultKeyedValues2DDataset,0,3,0,0,0,1,0,1,0,1
JFreeChart,org.jfree.data.time.ohlc,OHLCSeries,21,49,1,3,6,11,2,6,1,5
JFreeChart,org.jfree.data.time.ohlc,OHLC,4,94,2,10,2,28,2,11,0,7
JFreeChart,org.jfree.data.time.ohlc,OHLCSeriesCollection,178,179,10,16,40,51,24,17,17,11
JFreeChart,org.jfree.data.time.ohlc,OHLCItem,11,51,4,4,5,15,5,6,1,6
JFreeChart,org.jfree.chart.resources,JFreeChartResources,61,0,0,0,9,0,3,0,3,0
JFreeChart,org.jfree.data.jdbc,JDBCPieDataset,133,0,13,0,54,0,13,0,6,0
JFreeChart,org.jfree.data.jdbc,JDBCCategoryDataset,198,0,24,0,70,0,20,0,7,0
JFreeChart,org.jfree.data.jdbc,JDBCXYDataset,434,0,52,0,128,0,45,0,18,0
JFreeChart,org.jfree.data.category,DefaultCategoryDataset,20,223,1,19,8,64,4,31,3,22
JFreeChart,org.jfree.data.category,DefaultIntervalCategoryDataset,161,588,46,74,49,156,44,48,2,30
JFreeChart,org.jfree.data.category,SlidingCategoryDataset,48,205,7,23,11,52,13,21,6,13
JFreeChart,org.jfree.data.category,CategoryToPieDataset,62,223,23,35,20,66,19,22,1,11
JFreeChart,org.jfree.chart.panel,AbstractOverlay,32,30,3,1,9,9,4,3,2,3
JFreeChart,org.jfree.chart.panel,CrosshairOverlay,909,84,145,5,268,25,89,6,15,5
JFreeChart,org.jfree.chart.renderer,LookupPaintScale.PaintItem,8,69,4,8,4,24,4,7,0,5
JFreeChart,org.jfree.chart.renderer,LookupPaintScale,11,239,4,30,4,65,4,24,0,11
JFreeChart,org.jfree.chart.renderer,AreaRendererEndType,11,61,5,7,5,23,4,7,0,5
JFreeChart,org.jfree.chart.renderer,DefaultPolarItemRenderer,720,345,89,29,210,100,82,16,24,15
JFreeChart,org.jfree.chart.renderer,RendererState,0,35,0,4,0,14,0,7,0,5
JFreeChart,org.jfree.chart.renderer,RendererUtils,17,365,6,56,5,97,7,28,1,3
JFreeChart,org.jfree.chart.renderer,Outlier,99,66,16,6,15,20,12,10,3,8
JFreeChart,org.jfree.chart.renderer,WaferMapRenderer,474,0,56,0,120,0,44,0,15,0
JFreeChart,org.jfree.chart.renderer,NotOutlierException,4,0,0,0,2,0,1,0,1,0
JFreeChart,org.jfree.chart.renderer,AbstractRenderer,693,1848,127,177,174,602,131,179,34,124
JFreeChart,org.jfree.chart.renderer,OutlierListCollection,68,24,8,0,20,8,8,4,4,4
JFreeChart,org.jfree.chart.renderer,OutlierList,93,0,4,0,28,0,11,0,9,0
JFreeChart,org.jfree.chart.renderer,GrayPaintScale,31,115,3,13,9,32,4,14,1,9
JFreeChart,org.jfree.chart.util,CloneUtils,46,38,4,4,11,9,4,3,2,1
JFreeChart,org.jfree.chart.util,Args,26,40,1,5,4,9,2,5,1,3
JFreeChart,org.jfree.chart.util,SortOrder,3,34,0,0,1,8,1,2,1,2
JFreeChart,org.jfree.chart.util,XYCoordinateType,14,54,6,6,6,19,5,6,0,5
JFreeChart,org.jfree.chart.util,StringUtils,43,0,4,0,9,0,5,0,3,0
JFreeChart,org.jfree.chart.util,BooleanList,5,20,1,1,2,7,2,4,1,4
JFreeChart,org.jfree.chart.util,ObjectList,4,16,0,0,2,6,1,4,1,4
JFreeChart,org.jfree.chart.util,HMSNumberFormat,9,60,0,0,2,12,2,2,2,2
JFreeChart,org.jfree.chart.util,PaintAlpha,471,0,36,0,92,0,28,0,10,0
JFreeChart,org.jfree.chart.util,SerialUtils,196,760,29,79,48,239,29,40,0,13
JFreeChart,org.jfree.chart.util,DefaultShadowGenerator,383,62,22,8,79,18,25,3,11,2
JFreeChart,org.jfree.chart.util,Rotation,3,42,0,0,1,10,1,3,1,3
JFreeChart,org.jfree.chart.util,DirectionalGradientPaintTransformer,166,0,20,0,33,0,12,0,2,0
JFreeChart,org.jfree.chart.util,ResourceBundleWrapper,58,5,7,1,15,2,7,1,3,1
JFreeChart,org.jfree.chart.util,LineUtils,113,195,18,22,25,48,16,7,2,1
JFreeChart,org.jfree.chart.util,StrokeList,38,55,9,5,13,19,8,7,1,7
JFreeChart,org.jfree.chart.util,ArrayUtils,152,68,41,17,42,16,26,8,3,2
JFreeChart,org.jfree.chart.util,AbstractObjectList,30,214,6,28,7,62,7,23,1,12
JFreeChart,org.jfree.chart.util,LogFormat,82,108,7,11,20,31,11,9,6,5
JFreeChart,org.jfree.chart.util,ShapeList,36,76,8,8,12,23,7,9,1,7
JFreeChart,org.jfree.chart.util,ShapeUtils,642,254,76,48,133,65,63,21,11,11
JFreeChart,org.jfree.chart.util,HexNumberFormat,67,0,4,0,19,0,9,0,7,0
JFreeChart,org.jfree.chart.util,UnitType,3,34,0,0,1,8,1,2,1,2
JFreeChart,org.jfree.chart.util,RelativeDateFormat,46,437,8,32,17,119,15,33,7,21
JFreeChart,org.jfree.chart.util,PaintUtils,217,75,58,20,49,18,35,7,2,1
JFreeChart,org.jfree.chart.util,TableOrder,3,34,0,0,1,8,1,2,1,2
JFreeChart,org.jfree.chart.util,PaintList,12,99,5,13,5,31,6,10,1,6
JFreeChart,org.jfree.chart.util,ExportUtils,381,0,8,0,91,0,11,0,7,0
JFreeChart,org.jfree.chart.util,ObjectUtils,37,76,4,14,10,27,4,9,0,4
JFreeChart,org.jfree.chart.util,AttrStringUtils,490,11,92,0,126,3,60,1,14,1
JFreeChart,org.jfree.chart.entity,StandardEntityCollection,46,82,6,4,11,22,8,8,4,7
JFreeChart,org.jfree.chart.entity,TitleEntity,98,25,12,0,30,8,13,3,7,3
JFreeChart,org.jfree.chart.entity,ChartEntity,278,93,32,8,67,34,27,13,10,10
JFreeChart,org.jfree.chart.entity,XYAnnotationEntity,44,0,8,0,16,0,8,0,4,0
JFreeChart,org.jfree.chart.entity,CategoryItemEntity,53,49,5,5,17,13,12,2,7,2
JFreeChart,org.jfree.chart.entity,PlotEntity,111,12,12,0,34,4,15,1,9,1
JFreeChart,org.jfree.chart.entity,PieSectionEntity,53,77,2,10,12,26,8,10,6,6
JFreeChart,org.jfree.chart.entity,LegendItemEntity,26,49,3,7,7,16,6,7,3,5
JFreeChart,org.jfree.chart.entity,CategoryLabelEntity,48,30,2,4,12,9,5,3,3,2
JFreeChart,org.jfree.chart.entity,XYItemEntity,34,54,2,8,8,18,7,7,5,4
JFreeChart,org.jfree.chart.entity,TickLabelEntity,0,6,0,0,0,2,0,1,0,1
JFreeChart,org.jfree.chart.entity,JFreeChartEntity,98,25,12,0,30,8,13,3,7,3
JFreeChart,org.jfree.chart.entity,AxisEntity,98,25,12,0,30,8,13,3,7,3
JFreeChart,org.jfree.data.gantt,XYTaskDataset,234,84,15,9,51,29,32,10,23,7
JFreeChart,org.jfree.data.gantt,SlidingGanttCategoryDataset,451,88,32,12,89,30,46,9,27,6
JFreeChart,org.jfree.data.gantt,TaskSeries,22,96,2,10,7,30,5,11,3,7
JFreeChart,org.jfree.data.gantt,Task,2,136,1,11,1,44,1,20,0,15
JFreeChart,org.jfree.data.gantt,TaskSeriesCollection,53,599,11,49,17,160,13,54,4,33
JFreeChart,org.jfree.chart.date,SpreadsheetDate,173,232,42,22,31,61,36,16,10,10
JFreeChart,org.jfree.chart.date,SerialDate,385,393,48,19,108,50,55,17,25,9
JFreeChart,org.jfree.data.time,DynamicTimeSeriesCollection,914,0,92,0,213,0,89,0,42,0
JFreeChart,org.jfree.data.time,Year,31,197,5,13,9,54,5,22,1,17
JFreeChart,org.jfree.data.time,Week,302,297,44,18,92,80,35,20,9,15
JFreeChart,org.jfree.data.time,Minute,138,304,22,10,37,75,16,21,2,19
JFreeChart,org.jfree.data.time,Second,184,284,32,10,47,64,22,18,3,16
JFreeChart,org.jfree.data.time,Day,27,280,5,9,11,82,5,25,1,22
JFreeChart,org.jfree.data.time,TimePeriodValue,57,72,11,9,10,23,10,9,2,7
JFreeChart,org.jfree.data.time,DynamicTimeSeriesCollection.ValueSequence,39,0,2,0,10,0,5,0,4,0
JFreeChart,org.jfree.data.time,MovingAverage,304,109,39,15,75,32,28,6,6,1
JFreeChart,org.jfree.data.time,TimeTableXYDataset,233,167,24,12,58,48,33,17,18,14
JFreeChart,org.jfree.data.time,TimePeriodValuesCollection,215,209,19,19,54,62,25,16,13,9
JFreeChart,org.jfree.data.time,Millisecond,109,292,23,11,35,65,17,18,2,16
JFreeChart,org.jfree.data.time,RegularTimePeriod,40,129,10,10,12,28,8,11,1,8
JFreeChart,org.jfree.data.time,TimePeriodValues,94,489,8,44,16,142,7,46,1,26
JFreeChart,org.jfree.data.time,TimePeriodFormatException,0,4,0,0,0,2,0,1,0,1
JFreeChart,org.jfree.data.time,TimeSeries,277,1288,42,150,70,350,45,109,8,50
JFreeChart,org.jfree.data.time,SimpleTimePeriod,17,150,4,18,6,40,6,14,2,7
JFreeChart,org.jfree.data.time,TimePeriodAnchor,13,59,4,8,5,21,4,8,1,5
JFreeChart,org.jfree.data.time,Hour,77,322,14,14,20,82,13,24,2,21
JFreeChart,org.jfree.data.time,FixedMillisecond,79,61,11,5,27,20,18,7,10,7
JFreeChart,org.jfree.data.time,Month,79,387,17,35,22,107,17,32,1,22
JFreeChart,org.jfree.data.time,TimeSeriesCollection,148,592,22,50,37,158,26,48,9,29
JFreeChart,org.jfree.data.time,TimeSeriesTableModel,143,0,32,0,53,0,27,0,11,0
JFreeChart,org.jfree.data.time,TimeSeriesDataItem,10,103,4,10,5,31,4,12,0,9
JFreeChart,org.jfree.data.time,DateRange,29,59,0,0,5,14,2,7,2,7
JFreeChart,org.jfree.data.time,Quarter,86,371,16,18,21,83,15,24,2,20
JFreeChart,org.jfree.chart.renderer.category,MinMaxCategoryRenderer,241,328,22,14,58,76,24,13,9,10
JFreeChart,org.jfree.chart.renderer.category,LevelRenderer,171,342,25,23,37,96,25,12,3,10
JFreeChart,org.jfree.chart.renderer.category,CategoryStepRenderer.State,9,0,0,0,3,0,1,0,1,0
JFreeChart,org.jfree.chart.renderer.category,LayeredBarRenderer,447,283,80,22,110,75,53,5,2,5
JFreeChart,org.jfree.chart.renderer.category,StandardBarPainter,198,17,31,3,57,8,19,4,3,3
JFreeChart,org.jfree.chart.renderer.category,StatisticalBarRenderer,232,567,63,41,63,154,47,17,2,10
JFreeChart,org.jfree.chart.renderer.category,DefaultCategoryItemRenderer,0,3,0,0,0,1,0,1,0,1
JFreeChart,org.jfree.chart.renderer.category,StackedAreaRenderer,761,46,57,7,177,18,36,7,6,5
JFreeChart,org.jfree.chart.renderer.category,BarRenderer,613,920,140,78,178,270,94,65,8,42
JFreeChart,org.jfree.chart.renderer.category,LineAndShapeRenderer,177,648,43,59,51,191,42,44,4,31
JFreeChart,org.jfree.chart.renderer.category,ScatterRenderer,374,150,47,15,105,54,37,18,12,12
JFreeChart,org.jfree.chart.renderer.category,StatisticalLineAndShapeRenderer,207,401,36,40,60,109,35,15,3,9
JFreeChart,org.jfree.chart.renderer.category,GroupedStackedBarRenderer,136,343,39,29,33,102,31,10,0,7
JFreeChart,org.jfree.chart.renderer.category,AreaRenderer,333,140,39,11,88,41,25,7,2,5
JFreeChart,org.jfree.chart.renderer.category,CategoryStepRenderer,292,122,32,10,68,36,25,5,5,4
JFreeChart,org.jfree.chart.renderer.category,MinMaxCategoryRenderer.new Icon() {...},10,53,2,2,3,8,4,2,2,2
JFreeChart,org.jfree.chart.renderer.category,MinMaxCategoryRenderer.new Icon() {...},50,21,4,0,12,1,5,1,3,1
JFreeChart,org.jfree.chart.renderer.category,CategoryItemRendererState,32,60,5,5,11,21,7,9,3,8
JFreeChart,org.jfree.chart.renderer.category,AbstractCategoryItemRenderer,977,911,121,91,286,302,94,71,11,48
JFreeChart,org.jfree.chart.renderer.category,BoxAndWhiskerRenderer,648,989,73,77,139,260,70,35,12,18
JFreeChart,org.jfree.chart.renderer.category,StackedBarRenderer,380,68,77,7,106,25,43,8,3,6
JFreeChart,org.jfree.chart.renderer.category,IntervalBarRenderer,81,169,15,15,21,51,14,6,0,5
JFreeChart,org.jfree.chart.renderer.category,WaterfallBarRenderer,287,308,41,21,84,86,28,18,5,10
JFreeChart,org.jfree.chart.renderer.category,GradientBarPainter,110,595,28,22,35,121,19,15,0,9
JFreeChart,org.jfree.chart.renderer.category,GanttRenderer,553,338,61,25,130,108,41,18,3,13
JFreeChart,org.jfree.chart.renderer.xy,WindItemRenderer,252,6,0,0,48,3,1,2,1,2
JFreeChart,org.jfree.chart.renderer.xy,StandardXYItemRenderer,352,598,74,66,91,179,66,38,9,25
JFreeChart,org.jfree.chart.renderer.xy,CyclicXYItemRenderer,780,0,118,0,125,0,64,0,5,0
JFreeChart,org.jfree.chart.renderer.xy,CyclicXYItemRenderer.OverwriteDataSet,109,0,6,0,28,0,17,0,14,0
JFreeChart,org.jfree.chart.renderer.xy,DeviationRenderer.State,14,0,0,0,4,0,1,0,1,0
JFreeChart,org.jfree.chart.renderer.xy,XYDifferenceRenderer,1661,255,205,19,440,81,120,17,13,12
JFreeChart,org.jfree.chart.renderer.xy,XYBoxAndWhiskerRenderer,738,518,62,30,157,139,47,22,5,18
JFreeChart,org.jfree.chart.renderer.xy,DefaultXYItemRenderer,0,3,0,0,0,1,0,1,0,1
JFreeChart,org.jfree.chart.renderer.xy,XYLineAndShapeRenderer.State,7,24,0,0,3,8,2,2,2,2
JFreeChart,org.jfree.chart.renderer.xy,AbstractXYItemRenderer,1359,875,139,89,375,284,106,61,18,35
JFreeChart,org.jfree.chart.renderer.xy,DeviationRenderer,362,51,32,6,77,16,26,5,8,4
JFreeChart,org.jfree.chart.renderer.xy,XYBarRenderer.XYBarRendererState,14,0,0,0,6,0,3,0,3,0
JFreeChart,org.jfree.chart.renderer.xy,XYAreaRenderer2,146,405,22,18,40,112,19,13,1,11
JFreeChart,org.jfree.chart.renderer.xy,XYBubbleRenderer,292,138,35,12,82,41,25,6,2,5
JFreeChart,org.jfree.chart.renderer.xy,XYErrorRenderer,350,141,26,14,72,48,21,16,6,11
JFreeChart,org.jfree.chart.renderer.xy,StandardXYItemRenderer.State,14,4,0,0,6,2,4,1,4,1
JFreeChart,org.jfree.chart.renderer.xy,GradientXYBarPainter,630,74,41,9,133,23,26,8,5,4
JFreeChart,org.jfree.chart.renderer.xy,XYItemRendererState,6,27,0,0,2,11,2,5,2,5
JFreeChart,org.jfree.chart.renderer.xy,XYDotRenderer,146,178,18,16,39,59,17,13,3,10
JFreeChart,org.jfree.chart.renderer.xy,XYSplineRenderer,757,79,60,10,132,30,39,9,7,6
JFreeChart,org.jfree.chart.renderer.xy,XYStepRenderer,125,264,21,29,34,68,17,17,0,9
JFreeChart,org.jfree.chart.renderer.xy,XYShapeRenderer,283,233,36,24,78,76,32,23,11,14
JFreeChart,org.jfree.chart.renderer.xy,SamplingXYLineRenderer.State,37,0,0,0,13,0,2,0,2,0
JFreeChart,org.jfree.chart.renderer.xy,VectorRenderer,503,37,44,4,119,11,27,3,3,3
JFreeChart,org.jfree.chart.renderer.xy,XYAreaRenderer,314,570,45,51,70,169,35,35,2,20
JFreeChart,org.jfree.chart.renderer.xy,ClusteredXYBarRenderer,333,121,53,13,84,33,30,11,2,6
JFreeChart,org.jfree.chart.renderer.xy,XYBlockRenderer,360,199,32,24,88,59,27,16,5,10
JFreeChart,org.jfree.chart.renderer.xy,YIntervalRenderer,250,41,18,4,65,15,13,6,3,5
JFreeChart,org.jfree.chart.renderer.xy,CandlestickRenderer,618,284,64,28,164,97,43,34,6,24
JFreeChart,org.jfree.chart.renderer.xy,XYStepAreaRenderer,161,484,48,50,43,141,39,30,1,19
JFreeChart,org.jfree.chart.renderer.xy,HighLowRenderer,371,128,53,15,96,47,34,17,6,11
JFreeChart,org.jfree.chart.renderer.xy,XYSplineRenderer.XYSplineState,14,0,0,0,4,0,1,0,1,0
JFreeChart,org.jfree.chart.renderer.xy,SamplingXYLineRenderer,316,0,28,0,84,0,22,0,8,0
JFreeChart,org.jfree.chart.renderer.xy,StackedXYAreaRenderer2,788,130,54,14,193,38,33,13,4,8
JFreeChart,org.jfree.chart.renderer.xy,StackedXYAreaRenderer,219,416,49,39,66,123,35,25,2,14
JFreeChart,org.jfree.chart.renderer.xy,StackedXYBarRenderer,425,80,78,8,116,27,45,8,4,6
JFreeChart,org.jfree.chart.renderer.xy,XYSplineRenderer.FillType,0,44,0,0,0,5,0,1,0,1
JFreeChart,org.jfree.chart.renderer.xy,StackedXYAreaRenderer.StackedXYAreaRendererState,0,46,0,0,0,16,0,8,0,8
JFreeChart,org.jfree.chart.renderer.xy,XYBarRenderer,982,400,173,37,276,135,110,40,18,27
JFreeChart,org.jfree.chart.renderer.xy,XYAreaRenderer.XYAreaRendererState,0,14,0,0,0,4,0,1,0,1
JFreeChart,org.jfree.chart.renderer.xy,XYLineAndShapeRenderer,234,806,59,77,64,235,58,54,7,37
JFreeChart,org.jfree.chart.renderer.xy,StandardXYBarPainter,197,17,31,3,57,8,19,4,3,3
JFreeChart,org.jfree.data,KeyedObject,4,64,2,8,2,21,2,9,0,6
JFreeChart,org.jfree.data,DefaultKeyedValues2D,50,530,12,56,17,135,14,43,2,21
JFreeChart,org.jfree.data,DefaultKeyedValues,45,457,10,34,12,111,11,33,2,20
JFreeChart,org.jfree.data,KeyedValuesItemKey,73,0,6,0,21,0,8,0,5,0
JFreeChart,org.jfree.data,DataUtils,69,260,12,36,16,64,10,24,2,8
JFreeChart,org.jfree.data,Range,45,420,8,64,7,96,9,50,2,21
JFreeChart,org.jfree.data,RangeType,14,58,5,7,5,20,3,9,0,6
JFreeChart,org.jfree.data,DomainOrder,14,58,5,7,5,20,3,9,0,6
JFreeChart,org.jfree.data,KeyedValueComparator,31,117,7,21,11,41,9,9,2,2
JFreeChart,org.jfree.data,UnknownKeyException,0,4,0,0,0,2,0,1,0,1
JFreeChart,org.jfree.data,KeyedObjects2D,61,549,12,58,18,139,14,43,2,20
JFreeChart,org.jfree.data,DefaultKeyedValue,49,57,9,7,6,19,8,8,2,6
JFreeChart,org.jfree.data,KeyedObjects,97,237,20,24,27,68,18,20,4,12
JFreeChart,org.jfree.data,KeyedValues2DItemKey,148,0,10,0,38,0,13,0,8,0
JFreeChart,org.jfree.data,ComparableObjectSeries,68,359,11,49,20,97,12,38,3,17
JFreeChart,org.jfree.data,ComparableObjectItem,12,79,3,9,6,22,4,10,1,7
JFreeChart,org.jfree.data,KeyToGroupMap,45,255,9,33,15,79,8,25,1,11
JFreeChart,org.jfree.data,KeyedValueComparatorType,30,17,6,0,10,7,6,2,3,2
JFreeChart,org.jfree.chart.ui,Layer,3,34,0,0,1,8,1,2,1,2
JFreeChart,org.jfree.chart.ui,LCBLayout,524,0,40,0,92,0,28,0,8,0
JFreeChart,org.jfree.chart.ui,StrokeChooserPanel,64,0,2,0,13,0,4,0,3,0
JFreeChart,org.jfree.chart.ui,TextAnchor,58,284,38,58,27,78,35,27,1,13
JFreeChart,org.jfree.chart.ui,UIUtils,203,0,6,0,47,0,12,0,9,0
JFreeChart,org.jfree.chart.ui,Size2D,58,20,8,0,16,8,9,4,5,4
JFreeChart,org.jfree.chart.ui,FontDisplayField,46,0,2,0,13,0,6,0,5,0
JFreeChart,org.jfree.chart.ui,StrokeSample,168,0,4,0,39,0,8,0,6,0
JFreeChart,org.jfree.chart.ui,Align,81,0,12,0,18,0,7,0,1,0
JFreeChart,org.jfree.chart.ui,StandardGradientPaintTransformer,121,45,10,8,29,17,8,8,2,5
JFreeChart,org.jfree.chart.ui,RectangleAnchor,156,209,23,13,22,47,16,7,1,4
JFreeChart,org.jfree.chart.ui,VerticalAlignment,11,61,4,8,5,21,5,7,1,5
JFreeChart,org.jfree.chart.ui,NumberCellRenderer,34,0,4,0,14,0,4,0,2,0
JFreeChart,org.jfree.chart.ui,PaintSample,90,0,0,0,22,0,5,0,5,0
JFreeChart,org.jfree.chart.ui,RectangleEdge,50,116,17,21,21,41,13,16,2,8
JFreeChart,org.jfree.chart.ui,GradientPaintTransformType,13,75,5,9,7,30,6,7,1,5
JFreeChart,org.jfree.chart.ui,StrokeChooserPanel.new ActionListener() {...},11,0,0,0,3,0,2,0,2,0
JFreeChart,org.jfree.chart.ui,HorizontalAlignment,7,69,3,9,3,26,4,8,1,5
JFreeChart,org.jfree.chart.ui,ApplicationFrame,22,0,2,0,13,0,9,0,8,0
JFreeChart,org.jfree.chart.ui,LengthAdjustmentType,13,59,3,9,5,21,5,7,2,4
JFreeChart,org.jfree.chart.ui,RectangleInsets,399,315,42,22,71,82,36,26,7,23
JFreeChart,org.jfree.chart.ui,FontChooserPanel,337,0,20,0,73,0,17,0,7,0
JFreeChart,org.jfree.chart.text,TextBox,178,309,30,16,43,82,35,13,13,12
JFreeChart,org.jfree.chart.text,AttributedStringUtils,8,72,4,14,2,23,4,6,0,1
JFreeChart,org.jfree.chart.text,TextUtils,293,810,55,69,84,212,53,32,8,15
JFreeChart,org.jfree.chart.text,TextFragment,68,200,17,15,18,54,16,16,2,14
JFreeChart,org.jfree.chart.text,TextBlock,41,307,20,28,11,82,18,20,2,12
JFreeChart,org.jfree.chart.text,TextLine,57,219,12,16,16,60,13,14,2,11
JFreeChart,org.jfree.chart.text,TextBlockAnchor,23,115,8,16,9,41,7,11,1,5
JFreeChart,org.jfree.chart.text,G2TextMeasurer,0,25,0,0,0,8,0,2,0,2
JFreeChart,org.jfree.data.function,LineFunction2D,4,59,2,4,2,17,2,7,0,6
JFreeChart,org.jfree.data.function,NormalDistributionFunction2D,26,70,3,5,5,19,4,6,1,5
JFreeChart,org.jfree.data.function,PowerFunction2D,12,51,2,4,3,16,3,6,1,5
JFreeChart,org.jfree.data.function,PolynomialFunction2D,27,38,3,1,5,10,3,5,1,5
JFreeChart,org.jfree.data.json.impl,JSONArray,107,0,16,0,41,0,14,0,6,0
JFreeChart,org.jfree.data.json.impl,JSONValue,322,0,81,0,99,0,49,0,5,0
JFreeChart,org.jfree.data.json.impl,JSONObject,157,0,14,0,50,0,15,0,8,0
JFreeChart,org.jfree.data.xy,DefaultTableXYDataset,120,542,21,53,31,140,25,48,9,27
JFreeChart,org.jfree.data.xy,VectorSeries,16,58,0,0,4,16,2,8,2,8
JFreeChart,org.jfree.data.xy,XYBarDataset,100,110,8,6,23,27,16,13,10,12
JFreeChart,org.jfree.data.xy,XYDatasetTableModel,99,0,12,0,32,0,16,0,10,0
JFreeChart,org.jfree.data.xy,XYInterval,4,84,2,12,2,26,2,12,0,7
JFreeChart,org.jfree.data.xy,DefaultHighLowDataset,127,125,12,18,38,33,23,11,16,3
JFreeChart,org.jfree.data.xy,WindDataItem,26,65,7,9,10,18,10,4,3,3
JFreeChart,org.jfree.data.xy,XYIntervalDataItem,10,64,5,5,5,18,5,7,0,7
JFreeChart,org.jfree.data.xy,DefaultWindDataset,108,197,12,18,26,45,15,13,6,7
JFreeChart,org.jfree.data.xy,CategoryTableXYDataset,70,163,6,6,19,44,14,19,10,17
JFreeChart,org.jfree.data.xy,Vector,26,73,2,6,5,19,5,6,3,4
JFreeChart,org.jfree.data.xy,DefaultOHLCDataset,75,121,10,8,22,34,15,14,8,12
JFreeChart,org.jfree.data.xy,YIntervalSeries,0,64,0,0,0,17,0,9,0,9
JFreeChart,org.jfree.data.xy,MatrixSeriesCollection,169,57,18,4,41,19,22,5,11,5
JFreeChart,org.jfree.data.xy,XYDataItem,34,133,5,13,9,43,7,15,2,11
JFreeChart,org.jfree.data.xy,XYIntervalSeries,0,82,0,0,0,21,0,11,0,11
JFreeChart,org.jfree.data.xy,DefaultXYDataset,80,286,10,24,20,61,13,19,4,11
JFreeChart,org.jfree.data.xy,AbstractXYDataset,0,33,1,3,0,12,1,5,0,4
JFreeChart,org.jfree.data.xy,AbstractXYZDataset,14,3,2,0,5,1,2,1,1,1
JFreeChart,org.jfree.data.xy,DefaultXYZDataset,68,360,11,27,16,75,16,20,5,12
JFreeChart,org.jfree.data.xy,VectorSeriesCollection,130,89,5,7,28,27,14,10,10,8
JFreeChart,org.jfree.data.xy,DefaultIntervalXYDataset,91,482,15,33,21,97,22,22,7,13
JFreeChart,org.jfree.data.xy,XYItemKey,139,0,10,0,36,0,13,0,8,0
JFreeChart,org.jfree.data.xy,XYCoordinate,71,75,11,7,17,20,10,7,4,4
JFreeChart,org.jfree.data.xy,XIntervalDataItem,6,44,3,3,3,12,3,5,0,5
JFreeChart,org.jfree.data.xy,XIntervalSeries,0,64,0,0,0,17,0,9,0,9
JFreeChart,org.jfree.data.xy,MatrixSeries,10,151,2,16,3,35,3,17,1,10
JFreeChart,org.jfree.data.xy,IntervalXYDelegate,62,293,11,31,15,83,15,28,4,18
JFreeChart,org.jfree.data.xy,XIntervalSeriesCollection,166,94,7,9,36,27,18,10,13,7
JFreeChart,org.jfree.data.xy,VectorDataItem,24,29,3,1,8,7,5,3,3,3
JFreeChart,org.jfree.data.xy,YWithXInterval,4,56,2,8,2,18,2,8,0,5
JFreeChart,org.jfree.data.xy,YInterval,4,56,2,8,2,18,2,8,0,5
JFreeChart,org.jfree.data.xy,XYIntervalSeriesCollection,95,181,7,11,19,44,12,19,7,15
JFreeChart,org.jfree.data.xy,YIntervalSeriesCollection,94,150,6,10,21,38,11,17,7,13
JFreeChart,org.jfree.data.xy,OHLCDataItem,26,103,7,9,10,25,10,7,3,6
JFreeChart,org.jfree.data.xy,NormalizedMatrixSeries,72,0,0,0,19,0,6,0,6,0
JFreeChart,org.jfree.data.xy,YIntervalDataItem,6,44,3,3,3,12,3,5,0,5
JFreeChart,org.jfree.data.xy,XYSeriesCollection,103,600,20,70,32,164,17,65,3,34
JFreeChart,org.jfree.data.xy,AbstractIntervalXYDataset,0,59,2,6,0,21,2,7,0,5
JFreeChart,org.jfree.data.xy,XYSeries,114,887,23,101,29,234,26,81,5,40
JFreeChart,org.jfree.data.statistics,HistogramType,29,47,9,5,11,17,9,4,2,4
JFreeChart,org.jfree.data.statistics,DefaultMultiValueCategoryDataset,100,275,22,26,29,73,23,20,8,11
JFreeChart,org.jfree.data.statistics,BoxAndWhiskerCalculator,35,261,12,22,10,68,9,13,1,4
JFreeChart,org.jfree.data.statistics,DefaultBoxAndWhiskerXYDataset,66,318,18,24,19,98,23,25,6,21
JFreeChart,org.jfree.data.statistics,MeanAndStandardDeviation,18,77,3,9,2,26,4,10,1,7
JFreeChart,org.jfree.data.statistics,Statistics,276,393,25,43,53,100,19,29,4,10
JFreeChart,org.jfree.data.statistics,SimpleHistogramBin,29,197,11,39,9,54,9,27,0,11
JFreeChart,org.jfree.data.statistics,DefaultStatisticalCategoryDataset,65,652,21,91,27,190,26,59,7,22
JFreeChart,org.jfree.data.statistics,DefaultBoxAndWhiskerCategoryDataset,117,598,36,54,45,195,42,47,10,34
JFreeChart,org.jfree.data.statistics,HistogramBin,22,80,10,10,6,20,11,7,1,7
JFreeChart,org.jfree.data.statistics,SimpleHistogramDataset,156,181,13,17,34,50,29,13,17,10
JFreeChart,org.jfree.data.statistics,HistogramDataset,102,407,13,33,26,87,17,27,6,15
JFreeChart,org.jfree.data.statistics,BoxAndWhiskerItem,50,166,10,14,12,43,11,14,1,12
JFreeChart,org.jfree.data.statistics,Regression,526,432,50,12,84,92,30,8,3,4
JFreeChart,org.jfree.chart.block,RectangleConstraint,26,313,6,22,5,87,7,27,1,19
JFreeChart,org.jfree.chart.block,ColorBlock,47,52,1,5,13,19,5,6,4,4
JFreeChart,org.jfree.chart.block,BorderArrangement,157,1258,30,96,32,245,27,47,1,10
JFreeChart,org.jfree.chart.block,EmptyBlock,17,28,0,0,5,8,2,3,2,3
JFreeChart,org.jfree.chart.block,LengthConstraintType,50,22,12,0,17,9,10,2,4,2
JFreeChart,org.jfree.chart.block,GridArrangement,63,587,15,59,20,126,15,36,1,13
JFreeChart,org.jfree.chart.block,LabelBlock,116,213,11,17,32,64,18,19,11,12
JFreeChart,org.jfree.chart.block,BlockBorder,73,142,6,10,15,42,9,11,3,9
JFreeChart,org.jfree.chart.block,ColumnArrangement,419,64,48,12,97,23,31,10,7,4
JFreeChart,org.jfree.chart.block,BlockParams,14,19,0,0,6,8,4,3,4,3
JFreeChart,org.jfree.chart.block,FlowArrangement,177,367,28,34,40,90,24,21,4,10
JFreeChart,org.jfree.chart.block,LineBorder,157,95,13,9,38,30,11,9,4,5
JFreeChart,org.jfree.chart.block,BlockContainer,14,205,3,19,5,61,5,20,2,12
JFreeChart,org.jfree.chart.block,AbstractBlock,81,412,4,30,16,120,12,42,8,29
JFreeChart,org.jfree.chart.block,CenterArrangement,255,53,34,2,59,13,27,4,9,4
JFreeChart,org.jfree.chart.block,BlockResult,0,13,0,0,0,6,0,3,0,3
JFreeChart,org.jfree.chart.plot.dial,StandardDialRange,172,216,11,13,51,54,21,13,12,10
JFreeChart,org.jfree.chart.plot.dial,StandardDialScale,422,559,29,41,113,142,46,38,27,22
JFreeChart,org.jfree.chart.plot.dial,DialPointer.Pin,66,111,2,6,17,35,5,10,3,8
JFreeChart,org.jfree.chart.plot.dial,StandardDialFrame,102,194,2,12,27,55,9,15,7,10
JFreeChart,org.jfree.chart.plot.dial,DialPointer.Pointer,222,100,3,7,55,32,9,9,6,7
JFreeChart,org.jfree.chart.plot.dial,DialValueIndicator,272,427,11,29,73,119,28,32,21,19
JFreeChart,org.jfree.chart.plot.dial,DialPointer,38,47,3,5,14,15,9,5,6,4
JFreeChart,org.jfree.chart.plot.dial,DialBackground,28,114,2,8,10,37,5,13,4,9
JFreeChart,org.jfree.chart.plot.dial,DialPlot,487,377,53,29,128,105,55,27,25,16
JFreeChart,org.jfree.chart.plot.dial,DialLayerChangeEvent,3,7,0,0,1,3,1,1,1,1
JFreeChart,org.jfree.chart.plot.dial,ArcDialFrame,231,316,3,19,58,82,14,22,11,14
JFreeChart,org.jfree.chart.plot.dial,DialTextAnnotation,85,234,4,14,25,60,13,16,9,11
JFreeChart,org.jfree.chart.plot.dial,DialCap,59,179,2,12,17,52,8,15,6,10
JFreeChart,org.jfree.chart.plot.dial,AbstractDialLayer,24,98,3,7,9,26,6,10,3,8
JFreeChart,org.jfree.chart.servlet,ServletUtilities,341,0,34,0,105,0,33,0,16,0
JFreeChart,org.jfree.chart.servlet,ChartDeleter,46,0,4,0,15,0,7,0,5,0
JFreeChart,org.jfree.chart.servlet,DisplayChart,103,0,20,0,32,0,13,0,3,0
JFreeChart,org.jfree.data.resources,DataPackageResources_fr,35,0,0,0,6,0,3,0,3,0
JFreeChart,org.jfree.data.resources,DataPackageResources_es,35,0,0,0,6,0,3,0,3,0
JFreeChart,org.jfree.data.resources,DataPackageResources_de,35,0,0,0,6,0,3,0,3,0
JFreeChart,org.jfree.data.resources,DataPackageResources,0,35,0,0,0,6,0,3,0,3
JFreeChart,org.jfree.data.resources,DataPackageResources_ru,35,0,0,0,6,0,3,0,3,0
JFreeChart,org.jfree.data.resources,DataPackageResources_pl,35,0,0,0,6,0,3,0,3,0
JFreeChart,org.jfree.chart.annotations,XYDataImageAnnotation,289,0,26,0,81,0,29,0,16,0
JFreeChart,org.jfree.chart.annotations,XYTitleAnnotation,126,310,23,21,40,80,28,9,9,6
JFreeChart,org.jfree.chart.annotations,CategoryLineAnnotation,133,252,6,14,40,75,7,22,3,16
JFreeChart,org.jfree.chart.annotations,XYDrawableAnnotation,136,155,8,14,31,37,7,10,1,5
JFreeChart,org.jfree.chart.annotations,XYBoxAnnotation,49,276,12,18,14,69,14,10,2,7
JFreeChart,org.jfree.chart.annotations,CategoryPointerAnnotation,263,303,4,20,58,83,12,23,9,14
JFreeChart,org.jfree.chart.annotations,XYTextAnnotation,57,486,6,32,19,145,12,39,6,26
JFreeChart,org.jfree.chart.annotations,CategoryTextAnnotation,96,129,6,10,30,39,5,14,1,10
JFreeChart,org.jfree.chart.annotations,XYPointerAnnotation,311,300,12,18,69,81,16,22,9,14
JFreeChart,org.jfree.chart.annotations,XYPolygonAnnotation,212,144,21,13,52,41,20,10,7,6
JFreeChart,org.jfree.chart.annotations,XYImageAnnotation,231,0,22,0,69,0,23,0,12,0
JFreeChart,org.jfree.chart.annotations,XYLineAnnotation,157,171,14,14,46,44,11,11,2,6
JFreeChart,org.jfree.chart.annotations,TextAnnotation,4,239,2,14,2,76,2,24,0,18
JFreeChart,org.jfree.chart.annotations,XYShapeAnnotation,193,145,14,12,46,41,12,10,3,6
JFreeChart,org.jfree.chart.annotations,AbstractXYAnnotation,61,41,11,5,21,14,11,5,3,5
JFreeChart,org.jfree.chart.annotations,AbstractAnnotation,21,83,4,4,7,25,6,9,3,8
JFreeChart,org.jfree.chart.event,OverlayChangeEvent,0,4,0,0,0,2,0,1,0,1
JFreeChart,org.jfree.chart.event,ChartChangeEventType,50,22,12,0,17,9,10,2,4,2
JFreeChart,org.jfree.chart.event,PlotChangeEvent,3,7,0,0,1,3,1,1,1,1
JFreeChart,org.jfree.chart.event,MarkerChangeEvent,0,10,0,0,0,4,0,2,0,2
JFreeChart,org.jfree.chart.event,TitleChangeEvent,3,7,0,0,1,3,1,1,1,1
JFreeChart,org.jfree.chart.event,AnnotationChangeEvent,3,10,0,0,1,4,1,1,1,1
JFreeChart,org.jfree.chart.event,AxisChangeEvent,0,10,0,0,0,4,0,2,0,2
JFreeChart,org.jfree.chart.event,ChartChangeEvent,12,24,0,0,4,10,3,4,3,4
JFreeChart,org.jfree.chart.event,RendererChangeEvent,0,21,0,0,0,8,0,4,0,4
JFreeChart,org.jfree.chart.event,ChartProgressEvent,21,13,0,0,9,5,6,1,6,1
,,Total:,,,11616,10106,24196,31879,,8478,,
,,Statement Coverage,69%,,,,,,,,,
,,Branch Coverage,46%,,,,,,,,,
,,Cyclometric Complexity,8478,,,,,,,,,
